{"/home/tushar/finbrief_git/Finbrief/server/middleware/authMiddleware.js": {"path":"/home/tushar/finbrief_git/Finbrief/server/middleware/authMiddleware.js","statementMap":{"0":{"start":{"line":1,"column":12},"end":{"line":1,"column":35}},"1":{"start":{"line":2,"column":15},"end":{"line":2,"column":32}},"2":{"start":{"line":4,"column":0},"end":{"line":4,"column":16}},"3":{"start":{"line":6,"column":16},"end":{"line":23,"column":1}},"4":{"start":{"line":7,"column":2},"end":{"line":22,"column":3}},"5":{"start":{"line":8,"column":18},"end":{"line":8,"column":35}},"6":{"start":{"line":9,"column":4},"end":{"line":11,"column":5}},"7":{"start":{"line":10,"column":6},"end":{"line":10,"column":71}},"8":{"start":{"line":13,"column":24},"end":{"line":13,"column":81}},"9":{"start":{"line":14,"column":4},"end":{"line":19,"column":5}},"10":{"start":{"line":15,"column":6},"end":{"line":15,"column":38}},"11":{"start":{"line":16,"column":6},"end":{"line":16,"column":13}},"12":{"start":{"line":18,"column":6},"end":{"line":18,"column":71}},"13":{"start":{"line":21,"column":4},"end":{"line":21,"column":69}},"14":{"start":{"line":25,"column":0},"end":{"line":25,"column":25}}},"fnMap":{"0":{"name":"(anonymous_0)","decl":{"start":{"line":6,"column":16},"end":{"line":6,"column":17}},"loc":{"start":{"line":6,"column":36},"end":{"line":23,"column":1}},"line":6}},"branchMap":{"0":{"loc":{"start":{"line":9,"column":4},"end":{"line":11,"column":5}},"type":"if","locations":[{"start":{"line":9,"column":4},"end":{"line":11,"column":5}},{"start":{},"end":{}}],"line":9},"1":{"loc":{"start":{"line":13,"column":42},"end":{"line":13,"column":80}},"type":"binary-expr","locations":[{"start":{"line":13,"column":42},"end":{"line":13,"column":64}},{"start":{"line":13,"column":68},"end":{"line":13,"column":80}}],"line":13},"2":{"loc":{"start":{"line":14,"column":4},"end":{"line":19,"column":5}},"type":"if","locations":[{"start":{"line":14,"column":4},"end":{"line":19,"column":5}},{"start":{"line":17,"column":11},"end":{"line":19,"column":5}}],"line":14}},"s":{"0":2,"1":2,"2":2,"3":2,"4":3,"5":3,"6":3,"7":1,"8":2,"9":1,"10":1,"11":1,"12":0,"13":1,"14":2},"f":{"0":3},"b":{"0":[1,2],"1":[2,2],"2":[1,0]},"_coverageSchema":"1a1c01bbd47fc00a2c39e90264f33305004495a9","hash":"3db1131a676fb85a14d994eff173fc6be3c27529"}
,"/home/tushar/finbrief_git/Finbrief/server/models/Project.js": {"path":"/home/tushar/finbrief_git/Finbrief/server/models/Project.js","statementMap":{"0":{"start":{"line":1,"column":17},"end":{"line":1,"column":36}},"1":{"start":{"line":3,"column":22},"end":{"line":49,"column":2}},"2":{"start":{"line":51,"column":0},"end":{"line":51,"column":58}}},"fnMap":{},"branchMap":{},"s":{"0":0,"1":0,"2":0},"f":{},"b":{}}
,"/home/tushar/finbrief_git/Finbrief/server/models/User.js": {"path":"/home/tushar/finbrief_git/Finbrief/server/models/User.js","statementMap":{"0":{"start":{"line":1,"column":17},"end":{"line":1,"column":36}},"1":{"start":{"line":2,"column":15},"end":{"line":2,"column":34}},"2":{"start":{"line":4,"column":19},"end":{"line":8,"column":2}},"3":{"start":{"line":11,"column":0},"end":{"line":17,"column":5}},"4":{"start":{"line":12,"column":4},"end":{"line":14,"column":5}},"5":{"start":{"line":13,"column":6},"end":{"line":13,"column":20}},"6":{"start":{"line":15,"column":17},"end":{"line":15,"column":41}},"7":{"start":{"line":16,"column":4},"end":{"line":16,"column":59}},"8":{"start":{"line":21,"column":2},"end":{"line":23,"column":4}},"9":{"start":{"line":22,"column":4},"end":{"line":22,"column":64}},"10":{"start":{"line":25,"column":0},"end":{"line":25,"column":52}}},"fnMap":{"0":{"name":"(anonymous_0)","decl":{"start":{"line":11,"column":23},"end":{"line":11,"column":24}},"loc":{"start":{"line":11,"column":45},"end":{"line":17,"column":3}},"line":11},"1":{"name":"(anonymous_1)","decl":{"start":{"line":21,"column":37},"end":{"line":21,"column":38}},"loc":{"start":{"line":21,"column":70},"end":{"line":23,"column":3}},"line":21}},"branchMap":{"0":{"loc":{"start":{"line":12,"column":4},"end":{"line":14,"column":5}},"type":"if","locations":[{"start":{"line":12,"column":4},"end":{"line":14,"column":5}},{"start":{},"end":{}}],"line":12}},"s":{"0":1,"1":1,"2":1,"3":1,"4":0,"5":0,"6":0,"7":0,"8":1,"9":2,"10":1},"f":{"0":0,"1":2},"b":{"0":[0,0]},"_coverageSchema":"1a1c01bbd47fc00a2c39e90264f33305004495a9","hash":"dd01372e0550cc9a758fca64d5ba3759cd9852db"}
,"/home/tushar/finbrief_git/Finbrief/server/routes/authRoutes.js": {"path":"/home/tushar/finbrief_git/Finbrief/server/routes/authRoutes.js","statementMap":{"0":{"start":{"line":1,"column":16},"end":{"line":1,"column":34}},"1":{"start":{"line":2,"column":15},"end":{"line":2,"column":34}},"2":{"start":{"line":3,"column":12},"end":{"line":3,"column":35}},"3":{"start":{"line":4,"column":13},"end":{"line":4,"column":38}},"4":{"start":{"line":5,"column":16},"end":{"line":5,"column":55}},"5":{"start":{"line":7,"column":15},"end":{"line":7,"column":31}},"6":{"start":{"line":10,"column":0},"end":{"line":33,"column":3}},"7":{"start":{"line":11,"column":2},"end":{"line":32,"column":3}},"8":{"start":{"line":12,"column":42},"end":{"line":12,"column":50}},"9":{"start":{"line":14,"column":15},"end":{"line":14,"column":44}},"10":{"start":{"line":15,"column":4},"end":{"line":15,"column":74}},"11":{"start":{"line":15,"column":14},"end":{"line":15,"column":74}},"12":{"start":{"line":18,"column":20},"end":{"line":22,"column":6}},"13":{"start":{"line":24,"column":4},"end":{"line":24,"column":25}},"14":{"start":{"line":26,"column":4},"end":{"line":29,"column":7}},"15":{"start":{"line":31,"column":4},"end":{"line":31,"column":83}},"16":{"start":{"line":37,"column":0},"end":{"line":65,"column":3}},"17":{"start":{"line":38,"column":30},"end":{"line":38,"column":38}},"18":{"start":{"line":40,"column":2},"end":{"line":64,"column":3}},"19":{"start":{"line":41,"column":17},"end":{"line":41,"column":46}},"20":{"start":{"line":42,"column":4},"end":{"line":44,"column":5}},"21":{"start":{"line":43,"column":6},"end":{"line":43,"column":76}},"22":{"start":{"line":46,"column":28},"end":{"line":46,"column":62}},"23":{"start":{"line":47,"column":4},"end":{"line":49,"column":5}},"24":{"start":{"line":48,"column":6},"end":{"line":48,"column":76}},"25":{"start":{"line":52,"column":18},"end":{"line":56,"column":5}},"26":{"start":{"line":58,"column":4},"end":{"line":61,"column":7}},"27":{"start":{"line":63,"column":4},"end":{"line":63,"column":80}},"28":{"start":{"line":70,"column":0},"end":{"line":76,"column":6}},"29":{"start":{"line":71,"column":2},"end":{"line":76,"column":3}},"30":{"start":{"line":72,"column":17},"end":{"line":72,"column":68}},"31":{"start":{"line":73,"column":4},"end":{"line":73,"column":23}},"32":{"start":{"line":75,"column":4},"end":{"line":75,"column":91}},"33":{"start":{"line":78,"column":0},"end":{"line":78,"column":24}}},"fnMap":{"0":{"name":"(anonymous_0)","decl":{"start":{"line":10,"column":23},"end":{"line":10,"column":24}},"loc":{"start":{"line":10,"column":43},"end":{"line":33,"column":1}},"line":10},"1":{"name":"(anonymous_1)","decl":{"start":{"line":37,"column":22},"end":{"line":37,"column":23}},"loc":{"start":{"line":37,"column":42},"end":{"line":65,"column":1}},"line":37},"2":{"name":"(anonymous_2)","decl":{"start":{"line":70,"column":27},"end":{"line":70,"column":28}},"loc":{"start":{"line":70,"column":46},"end":{"line":76,"column":4}},"line":70}},"branchMap":{"0":{"loc":{"start":{"line":15,"column":4},"end":{"line":15,"column":74}},"type":"if","locations":[{"start":{"line":15,"column":4},"end":{"line":15,"column":74}},{"start":{},"end":{}}],"line":15},"1":{"loc":{"start":{"line":42,"column":4},"end":{"line":44,"column":5}},"type":"if","locations":[{"start":{"line":42,"column":4},"end":{"line":44,"column":5}},{"start":{},"end":{}}],"line":42},"2":{"loc":{"start":{"line":47,"column":4},"end":{"line":49,"column":5}},"type":"if","locations":[{"start":{"line":47,"column":4},"end":{"line":49,"column":5}},{"start":{},"end":{}}],"line":47}},"s":{"0":1,"1":1,"2":1,"3":1,"4":1,"5":1,"6":1,"7":0,"8":0,"9":0,"10":0,"11":0,"12":0,"13":0,"14":0,"15":0,"16":1,"17":2,"18":2,"19":2,"20":2,"21":1,"22":1,"23":1,"24":1,"25":0,"26":0,"27":0,"28":1,"29":0,"30":0,"31":0,"32":0,"33":1},"f":{"0":0,"1":2,"2":0},"b":{"0":[0,0],"1":[1,1],"2":[1,0]},"_coverageSchema":"1a1c01bbd47fc00a2c39e90264f33305004495a9","hash":"0f53618e7bb80499d6fda6597fcdf87869f93cd9"}
,"/home/tushar/finbrief_git/Finbrief/server/routes/projectRoutes.js": {"path":"/home/tushar/finbrief_git/Finbrief/server/routes/projectRoutes.js","statementMap":{"0":{"start":{"line":1,"column":16},"end":{"line":1,"column":34}},"1":{"start":{"line":2,"column":16},"end":{"line":2,"column":44}},"2":{"start":{"line":3,"column":16},"end":{"line":3,"column":55}},"3":{"start":{"line":4,"column":38},"end":{"line":4,"column":64}},"4":{"start":{"line":5,"column":53},"end":{"line":5,"column":76}},"5":{"start":{"line":7,"column":15},"end":{"line":7,"column":31}},"6":{"start":{"line":10,"column":0},"end":{"line":34,"column":3}},"7":{"start":{"line":11,"column":15},"end":{"line":11,"column":23}},"8":{"start":{"line":13,"column":2},"end":{"line":15,"column":3}},"9":{"start":{"line":14,"column":4},"end":{"line":14,"column":70}},"10":{"start":{"line":17,"column":2},"end":{"line":33,"column":3}},"11":{"start":{"line":19,"column":20},"end":{"line":26,"column":6}},"12":{"start":{"line":28,"column":4},"end":{"line":28,"column":25}},"13":{"start":{"line":30,"column":4},"end":{"line":30,"column":34}},"14":{"start":{"line":32,"column":4},"end":{"line":32,"column":53}},"15":{"start":{"line":37,"column":0},"end":{"line":87,"column":3}},"16":{"start":{"line":38,"column":2},"end":{"line":38,"column":28}},"17":{"start":{"line":39,"column":2},"end":{"line":86,"column":3}},"18":{"start":{"line":41,"column":20},"end":{"line":41,"column":85}},"19":{"start":{"line":43,"column":4},"end":{"line":45,"column":5}},"20":{"start":{"line":44,"column":6},"end":{"line":44,"column":68}},"21":{"start":{"line":48,"column":4},"end":{"line":50,"column":5}},"22":{"start":{"line":49,"column":6},"end":{"line":49,"column":81}},"23":{"start":{"line":53,"column":21},"end":{"line":53,"column":65}},"24":{"start":{"line":54,"column":4},"end":{"line":54,"column":47}},"25":{"start":{"line":58,"column":4},"end":{"line":68,"column":5}},"26":{"start":{"line":59,"column":6},"end":{"line":59,"column":42}},"27":{"start":{"line":62,"column":24},"end":{"line":62,"column":53}},"28":{"start":{"line":63,"column":6},"end":{"line":67,"column":7}},"29":{"start":{"line":64,"column":8},"end":{"line":64,"column":48}},"30":{"start":{"line":66,"column":8},"end":{"line":66,"column":58}},"31":{"start":{"line":70,"column":4},"end":{"line":70,"column":55}},"32":{"start":{"line":73,"column":4},"end":{"line":73,"column":43}},"33":{"start":{"line":74,"column":4},"end":{"line":74,"column":48}},"34":{"start":{"line":75,"column":4},"end":{"line":75,"column":47}},"35":{"start":{"line":76,"column":4},"end":{"line":76,"column":63}},"36":{"start":{"line":77,"column":4},"end":{"line":77,"column":32}},"37":{"start":{"line":79,"column":4},"end":{"line":79,"column":25}},"38":{"start":{"line":80,"column":4},"end":{"line":80,"column":22}},"39":{"start":{"line":82,"column":4},"end":{"line":82,"column":44}},"40":{"start":{"line":85,"column":4},"end":{"line":85,"column":53}},"41":{"start":{"line":90,"column":0},"end":{"line":97,"column":3}},"42":{"start":{"line":91,"column":2},"end":{"line":96,"column":3}},"43":{"start":{"line":92,"column":21},"end":{"line":92,"column":88}},"44":{"start":{"line":93,"column":4},"end":{"line":93,"column":23}},"45":{"start":{"line":95,"column":4},"end":{"line":95,"column":53}},"46":{"start":{"line":100,"column":0},"end":{"line":110,"column":3}},"47":{"start":{"line":101,"column":2},"end":{"line":109,"column":3}},"48":{"start":{"line":102,"column":20},"end":{"line":102,"column":85}},"49":{"start":{"line":103,"column":4},"end":{"line":105,"column":5}},"50":{"start":{"line":104,"column":6},"end":{"line":104,"column":68}},"51":{"start":{"line":106,"column":4},"end":{"line":106,"column":22}},"52":{"start":{"line":108,"column":4},"end":{"line":108,"column":53}},"53":{"start":{"line":113,"column":0},"end":{"line":130,"column":3}},"54":{"start":{"line":114,"column":2},"end":{"line":129,"column":3}},"55":{"start":{"line":115,"column":23},"end":{"line":115,"column":31}},"56":{"start":{"line":116,"column":20},"end":{"line":120,"column":5}},"57":{"start":{"line":122,"column":4},"end":{"line":124,"column":5}},"58":{"start":{"line":123,"column":6},"end":{"line":123,"column":68}},"59":{"start":{"line":126,"column":4},"end":{"line":126,"column":22}},"60":{"start":{"line":128,"column":4},"end":{"line":128,"column":53}},"61":{"start":{"line":133,"column":0},"end":{"line":150,"column":3}},"62":{"start":{"line":134,"column":2},"end":{"line":149,"column":3}},"63":{"start":{"line":135,"column":34},"end":{"line":135,"column":42}},"64":{"start":{"line":136,"column":20},"end":{"line":140,"column":5}},"65":{"start":{"line":142,"column":4},"end":{"line":144,"column":5}},"66":{"start":{"line":143,"column":6},"end":{"line":143,"column":68}},"67":{"start":{"line":146,"column":4},"end":{"line":146,"column":22}},"68":{"start":{"line":148,"column":4},"end":{"line":148,"column":53}},"69":{"start":{"line":153,"column":0},"end":{"line":163,"column":3}},"70":{"start":{"line":154,"column":2},"end":{"line":162,"column":3}},"71":{"start":{"line":155,"column":20},"end":{"line":155,"column":94}},"72":{"start":{"line":156,"column":4},"end":{"line":158,"column":5}},"73":{"start":{"line":157,"column":6},"end":{"line":157,"column":68}},"74":{"start":{"line":159,"column":4},"end":{"line":159,"column":58}},"75":{"start":{"line":161,"column":4},"end":{"line":161,"column":53}},"76":{"start":{"line":166,"column":0},"end":{"line":186,"column":3}},"77":{"start":{"line":167,"column":2},"end":{"line":185,"column":3}},"78":{"start":{"line":168,"column":20},"end":{"line":168,"column":85}},"79":{"start":{"line":170,"column":4},"end":{"line":172,"column":5}},"80":{"start":{"line":171,"column":6},"end":{"line":171,"column":68}},"81":{"start":{"line":174,"column":4},"end":{"line":176,"column":5}},"82":{"start":{"line":175,"column":6},"end":{"line":175,"column":101}},"83":{"start":{"line":178,"column":4},"end":{"line":182,"column":7}},"84":{"start":{"line":184,"column":4},"end":{"line":184,"column":53}},"85":{"start":{"line":189,"column":0},"end":{"line":207,"column":3}},"86":{"start":{"line":190,"column":2},"end":{"line":206,"column":3}},"87":{"start":{"line":191,"column":20},"end":{"line":191,"column":85}},"88":{"start":{"line":193,"column":4},"end":{"line":195,"column":5}},"89":{"start":{"line":194,"column":6},"end":{"line":194,"column":68}},"90":{"start":{"line":197,"column":4},"end":{"line":199,"column":5}},"91":{"start":{"line":198,"column":6},"end":{"line":198,"column":80}},"92":{"start":{"line":201,"column":4},"end":{"line":203,"column":7}},"93":{"start":{"line":205,"column":4},"end":{"line":205,"column":53}},"94":{"start":{"line":210,"column":0},"end":{"line":244,"column":3}},"95":{"start":{"line":211,"column":2},"end":{"line":243,"column":3}},"96":{"start":{"line":212,"column":22},"end":{"line":212,"column":31}},"97":{"start":{"line":213,"column":20},"end":{"line":213,"column":85}},"98":{"start":{"line":215,"column":4},"end":{"line":217,"column":5}},"99":{"start":{"line":216,"column":6},"end":{"line":216,"column":68}},"100":{"start":{"line":219,"column":4},"end":{"line":221,"column":5}},"101":{"start":{"line":220,"column":6},"end":{"line":220,"column":79}},"102":{"start":{"line":224,"column":27},"end":{"line":224,"column":76}},"103":{"start":{"line":228,"column":4},"end":{"line":237,"column":5}},"104":{"start":{"line":229,"column":6},"end":{"line":229,"column":46}},"105":{"start":{"line":231,"column":24},"end":{"line":231,"column":59}},"106":{"start":{"line":232,"column":6},"end":{"line":236,"column":7}},"107":{"start":{"line":233,"column":8},"end":{"line":233,"column":46}},"108":{"start":{"line":235,"column":8},"end":{"line":235,"column":58}},"109":{"start":{"line":239,"column":4},"end":{"line":239,"column":25}},"110":{"start":{"line":241,"column":4},"end":{"line":241,"column":42}},"111":{"start":{"line":242,"column":4},"end":{"line":242,"column":53}},"112":{"start":{"line":246,"column":0},"end":{"line":246,"column":24}}},"fnMap":{"0":{"name":"(anonymous_0)","decl":{"start":{"line":10,"column":68},"end":{"line":10,"column":69}},"loc":{"start":{"line":10,"column":88},"end":{"line":34,"column":1}},"line":10},"1":{"name":"(anonymous_1)","decl":{"start":{"line":37,"column":37},"end":{"line":37,"column":38}},"loc":{"start":{"line":37,"column":57},"end":{"line":87,"column":1}},"line":37},"2":{"name":"(anonymous_2)","decl":{"start":{"line":90,"column":25},"end":{"line":90,"column":26}},"loc":{"start":{"line":90,"column":45},"end":{"line":97,"column":1}},"line":90},"3":{"name":"(anonymous_3)","decl":{"start":{"line":100,"column":28},"end":{"line":100,"column":29}},"loc":{"start":{"line":100,"column":48},"end":{"line":110,"column":1}},"line":100},"4":{"name":"(anonymous_4)","decl":{"start":{"line":113,"column":37},"end":{"line":113,"column":38}},"loc":{"start":{"line":113,"column":57},"end":{"line":130,"column":1}},"line":113},"5":{"name":"(anonymous_5)","decl":{"start":{"line":133,"column":30},"end":{"line":133,"column":31}},"loc":{"start":{"line":133,"column":50},"end":{"line":150,"column":1}},"line":133},"6":{"name":"(anonymous_6)","decl":{"start":{"line":153,"column":31},"end":{"line":153,"column":32}},"loc":{"start":{"line":153,"column":51},"end":{"line":163,"column":1}},"line":153},"7":{"name":"(anonymous_7)","decl":{"start":{"line":166,"column":35},"end":{"line":166,"column":36}},"loc":{"start":{"line":166,"column":55},"end":{"line":186,"column":1}},"line":166},"8":{"name":"(anonymous_8)","decl":{"start":{"line":189,"column":40},"end":{"line":189,"column":41}},"loc":{"start":{"line":189,"column":60},"end":{"line":207,"column":1}},"line":189},"9":{"name":"(anonymous_9)","decl":{"start":{"line":210,"column":35},"end":{"line":210,"column":36}},"loc":{"start":{"line":210,"column":55},"end":{"line":244,"column":1}},"line":210}},"branchMap":{"0":{"loc":{"start":{"line":13,"column":2},"end":{"line":15,"column":3}},"type":"if","locations":[{"start":{"line":13,"column":2},"end":{"line":15,"column":3}},{"start":{},"end":{}}],"line":13},"1":{"loc":{"start":{"line":43,"column":4},"end":{"line":45,"column":5}},"type":"if","locations":[{"start":{"line":43,"column":4},"end":{"line":45,"column":5}},{"start":{},"end":{}}],"line":43},"2":{"loc":{"start":{"line":48,"column":4},"end":{"line":50,"column":5}},"type":"if","locations":[{"start":{"line":48,"column":4},"end":{"line":50,"column":5}},{"start":{},"end":{}}],"line":48},"3":{"loc":{"start":{"line":63,"column":6},"end":{"line":67,"column":7}},"type":"if","locations":[{"start":{"line":63,"column":6},"end":{"line":67,"column":7}},{"start":{"line":65,"column":13},"end":{"line":67,"column":7}}],"line":63},"4":{"loc":{"start":{"line":103,"column":4},"end":{"line":105,"column":5}},"type":"if","locations":[{"start":{"line":103,"column":4},"end":{"line":105,"column":5}},{"start":{},"end":{}}],"line":103},"5":{"loc":{"start":{"line":122,"column":4},"end":{"line":124,"column":5}},"type":"if","locations":[{"start":{"line":122,"column":4},"end":{"line":124,"column":5}},{"start":{},"end":{}}],"line":122},"6":{"loc":{"start":{"line":142,"column":4},"end":{"line":144,"column":5}},"type":"if","locations":[{"start":{"line":142,"column":4},"end":{"line":144,"column":5}},{"start":{},"end":{}}],"line":142},"7":{"loc":{"start":{"line":156,"column":4},"end":{"line":158,"column":5}},"type":"if","locations":[{"start":{"line":156,"column":4},"end":{"line":158,"column":5}},{"start":{},"end":{}}],"line":156},"8":{"loc":{"start":{"line":170,"column":4},"end":{"line":172,"column":5}},"type":"if","locations":[{"start":{"line":170,"column":4},"end":{"line":172,"column":5}},{"start":{},"end":{}}],"line":170},"9":{"loc":{"start":{"line":174,"column":4},"end":{"line":176,"column":5}},"type":"if","locations":[{"start":{"line":174,"column":4},"end":{"line":176,"column":5}},{"start":{},"end":{}}],"line":174},"10":{"loc":{"start":{"line":174,"column":8},"end":{"line":174,"column":67}},"type":"binary-expr","locations":[{"start":{"line":174,"column":8},"end":{"line":174,"column":24}},{"start":{"line":174,"column":28},"end":{"line":174,"column":45}},{"start":{"line":174,"column":49},"end":{"line":174,"column":67}}],"line":174},"11":{"loc":{"start":{"line":193,"column":4},"end":{"line":195,"column":5}},"type":"if","locations":[{"start":{"line":193,"column":4},"end":{"line":195,"column":5}},{"start":{},"end":{}}],"line":193},"12":{"loc":{"start":{"line":197,"column":4},"end":{"line":199,"column":5}},"type":"if","locations":[{"start":{"line":197,"column":4},"end":{"line":199,"column":5}},{"start":{},"end":{}}],"line":197},"13":{"loc":{"start":{"line":215,"column":4},"end":{"line":217,"column":5}},"type":"if","locations":[{"start":{"line":215,"column":4},"end":{"line":217,"column":5}},{"start":{},"end":{}}],"line":215},"14":{"loc":{"start":{"line":219,"column":4},"end":{"line":221,"column":5}},"type":"if","locations":[{"start":{"line":219,"column":4},"end":{"line":221,"column":5}},{"start":{},"end":{}}],"line":219},"15":{"loc":{"start":{"line":232,"column":6},"end":{"line":236,"column":7}},"type":"if","locations":[{"start":{"line":232,"column":6},"end":{"line":236,"column":7}},{"start":{"line":234,"column":13},"end":{"line":236,"column":7}}],"line":232}},"s":{"0":1,"1":1,"2":1,"3":1,"4":1,"5":1,"6":1,"7":0,"8":0,"9":0,"10":0,"11":0,"12":0,"13":0,"14":0,"15":1,"16":0,"17":0,"18":0,"19":0,"20":0,"21":0,"22":0,"23":0,"24":0,"25":0,"26":0,"27":0,"28":0,"29":0,"30":0,"31":0,"32":0,"33":0,"34":0,"35":0,"36":0,"37":0,"38":0,"39":0,"40":0,"41":1,"42":1,"43":1,"44":1,"45":0,"46":1,"47":2,"48":2,"49":2,"50":1,"51":1,"52":0,"53":1,"54":0,"55":0,"56":0,"57":0,"58":0,"59":0,"60":0,"61":1,"62":0,"63":0,"64":0,"65":0,"66":0,"67":0,"68":0,"69":1,"70":2,"71":2,"72":2,"73":1,"74":1,"75":0,"76":1,"77":0,"78":0,"79":0,"80":0,"81":0,"82":0,"83":0,"84":0,"85":1,"86":0,"87":0,"88":0,"89":0,"90":0,"91":0,"92":0,"93":0,"94":1,"95":0,"96":0,"97":0,"98":0,"99":0,"100":0,"101":0,"102":0,"103":0,"104":0,"105":0,"106":0,"107":0,"108":0,"109":0,"110":0,"111":0,"112":1},"f":{"0":0,"1":0,"2":1,"3":2,"4":0,"5":0,"6":2,"7":0,"8":0,"9":0},"b":{"0":[0,0],"1":[0,0],"2":[0,0],"3":[0,0],"4":[1,1],"5":[0,0],"6":[0,0],"7":[1,1],"8":[0,0],"9":[0,0],"10":[0,0,0],"11":[0,0],"12":[0,0],"13":[0,0],"14":[0,0],"15":[0,0]},"_coverageSchema":"1a1c01bbd47fc00a2c39e90264f33305004495a9","hash":"9f835850f1764b08acd46e7750e3e045030d2ae9"}
,"/home/tushar/finbrief_git/Finbrief/server/utils/llm.js": {"path":"/home/tushar/finbrief_git/Finbrief/server/utils/llm.js","statementMap":{"0":{"start":{"line":1,"column":11},"end":{"line":1,"column":24}},"1":{"start":{"line":2,"column":13},"end":{"line":2,"column":28}},"2":{"start":{"line":3,"column":19},"end":{"line":3,"column":40}},"3":{"start":{"line":4,"column":15},"end":{"line":4,"column":32}},"4":{"start":{"line":5,"column":31},"end":{"line":5,"column":63}},"5":{"start":{"line":7,"column":0},"end":{"line":7,"column":16}},"6":{"start":{"line":9,"column":16},"end":{"line":9,"column":42}},"7":{"start":{"line":10,"column":14},"end":{"line":10,"column":45}},"8":{"start":{"line":11,"column":14},"end":{"line":11,"column":69}},"9":{"start":{"line":16,"column":23},"end":{"line":23,"column":1}},"10":{"start":{"line":17,"column":21},"end":{"line":17,"column":44}},"11":{"start":{"line":18,"column":22},"end":{"line":18,"column":44}},"12":{"start":{"line":19,"column":18},"end":{"line":19,"column":44}},"13":{"start":{"line":20,"column":21},"end":{"line":20,"column":67}},"14":{"start":{"line":22,"column":4},"end":{"line":22,"column":57}},"15":{"start":{"line":22,"column":31},"end":{"line":22,"column":44}},"16":{"start":{"line":28,"column":24},"end":{"line":32,"column":1}},"17":{"start":{"line":29,"column":21},"end":{"line":29,"column":57}},"18":{"start":{"line":30,"column":25},"end":{"line":30,"column":48}},"19":{"start":{"line":31,"column":4},"end":{"line":31,"column":60}},"20":{"start":{"line":37,"column":0},"end":{"line":86,"column":2}},"21":{"start":{"line":38,"column":22},"end":{"line":38,"column":52}},"22":{"start":{"line":40,"column":24},"end":{"line":82,"column":5}},"23":{"start":{"line":84,"column":25},"end":{"line":84,"column":59}},"24":{"start":{"line":85,"column":4},"end":{"line":85,"column":24}},"25":{"start":{"line":91,"column":0},"end":{"line":140,"column":2}},"26":{"start":{"line":92,"column":22},"end":{"line":92,"column":52}},"27":{"start":{"line":94,"column":24},"end":{"line":136,"column":5}},"28":{"start":{"line":138,"column":25},"end":{"line":138,"column":59}},"29":{"start":{"line":139,"column":4},"end":{"line":139,"column":24}}},"fnMap":{"0":{"name":"(anonymous_0)","decl":{"start":{"line":16,"column":23},"end":{"line":16,"column":24}},"loc":{"start":{"line":16,"column":43},"end":{"line":23,"column":1}},"line":16},"1":{"name":"(anonymous_1)","decl":{"start":{"line":22,"column":24},"end":{"line":22,"column":25}},"loc":{"start":{"line":22,"column":31},"end":{"line":22,"column":44}},"line":22},"2":{"name":"(anonymous_2)","decl":{"start":{"line":28,"column":24},"end":{"line":28,"column":25}},"loc":{"start":{"line":28,"column":41},"end":{"line":32,"column":1}},"line":28},"3":{"name":"(anonymous_3)","decl":{"start":{"line":37,"column":38},"end":{"line":37,"column":39}},"loc":{"start":{"line":37,"column":58},"end":{"line":86,"column":1}},"line":37},"4":{"name":"(anonymous_4)","decl":{"start":{"line":91,"column":36},"end":{"line":91,"column":37}},"loc":{"start":{"line":91,"column":67},"end":{"line":140,"column":1}},"line":91}},"branchMap":{},"s":{"0":2,"1":2,"2":2,"3":2,"4":2,"5":2,"6":2,"7":2,"8":2,"9":2,"10":2,"11":2,"12":2,"13":2,"14":2,"15":4,"16":2,"17":2,"18":2,"19":2,"20":2,"21":1,"22":1,"23":1,"24":1,"25":2,"26":1,"27":1,"28":1,"29":1},"f":{"0":2,"1":4,"2":2,"3":1,"4":1},"b":{},"_coverageSchema":"1a1c01bbd47fc00a2c39e90264f33305004495a9","hash":"7af42ffacecbb236ca0a6e5b1b438f254f3c1da0"}
,"/home/tushar/finbrief_git/Finbrief/server/utils/multer.js": {"path":"/home/tushar/finbrief_git/Finbrief/server/utils/multer.js","statementMap":{"0":{"start":{"line":1,"column":15},"end":{"line":1,"column":32}},"1":{"start":{"line":2,"column":11},"end":{"line":2,"column":24}},"2":{"start":{"line":3,"column":13},"end":{"line":3,"column":28}},"3":{"start":{"line":6,"column":18},"end":{"line":6,"column":29}},"4":{"start":{"line":9,"column":0},"end":{"line":11,"column":1}},"5":{"start":{"line":10,"column":2},"end":{"line":10,"column":47}},"6":{"start":{"line":14,"column":16},"end":{"line":23,"column":2}},"7":{"start":{"line":16,"column":4},"end":{"line":16,"column":24}},"8":{"start":{"line":20,"column":25},"end":{"line":20,"column":75}},"9":{"start":{"line":21,"column":4},"end":{"line":21,"column":61}},"10":{"start":{"line":26,"column":19},"end":{"line":42,"column":1}},"11":{"start":{"line":28,"column":23},"end":{"line":31,"column":3}},"12":{"start":{"line":32,"column":22},"end":{"line":32,"column":39}},"13":{"start":{"line":34,"column":15},"end":{"line":34,"column":51}},"14":{"start":{"line":35,"column":14},"end":{"line":35,"column":81}},"15":{"start":{"line":37,"column":2},"end":{"line":41,"column":3}},"16":{"start":{"line":38,"column":4},"end":{"line":38,"column":19}},"17":{"start":{"line":40,"column":4},"end":{"line":40,"column":91}},"18":{"start":{"line":45,"column":15},"end":{"line":52,"column":2}},"19":{"start":{"line":55,"column":26},"end":{"line":65,"column":1}},"20":{"start":{"line":56,"column":2},"end":{"line":63,"column":3}},"21":{"start":{"line":57,"column":4},"end":{"line":59,"column":5}},"22":{"start":{"line":58,"column":6},"end":{"line":58,"column":93}},"23":{"start":{"line":60,"column":4},"end":{"line":60,"column":58}},"24":{"start":{"line":61,"column":9},"end":{"line":63,"column":3}},"25":{"start":{"line":62,"column":4},"end":{"line":62,"column":58}},"26":{"start":{"line":64,"column":2},"end":{"line":64,"column":9}},"27":{"start":{"line":67,"column":0},"end":{"line":67,"column":47}}},"fnMap":{"0":{"name":"(anonymous_0)","decl":{"start":{"line":15,"column":15},"end":{"line":15,"column":16}},"loc":{"start":{"line":15,"column":34},"end":{"line":17,"column":3}},"line":15},"1":{"name":"(anonymous_1)","decl":{"start":{"line":18,"column":12},"end":{"line":18,"column":13}},"loc":{"start":{"line":18,"column":31},"end":{"line":22,"column":3}},"line":18},"2":{"name":"(anonymous_2)","decl":{"start":{"line":26,"column":19},"end":{"line":26,"column":20}},"loc":{"start":{"line":26,"column":38},"end":{"line":42,"column":1}},"line":26},"3":{"name":"(anonymous_3)","decl":{"start":{"line":55,"column":26},"end":{"line":55,"column":27}},"loc":{"start":{"line":55,"column":51},"end":{"line":65,"column":1}},"line":55}},"branchMap":{"0":{"loc":{"start":{"line":9,"column":0},"end":{"line":11,"column":1}},"type":"if","locations":[{"start":{"line":9,"column":0},"end":{"line":11,"column":1}},{"start":{},"end":{}}],"line":9},"1":{"loc":{"start":{"line":37,"column":2},"end":{"line":41,"column":3}},"type":"if","locations":[{"start":{"line":37,"column":2},"end":{"line":41,"column":3}},{"start":{"line":39,"column":9},"end":{"line":41,"column":3}}],"line":37},"2":{"loc":{"start":{"line":37,"column":6},"end":{"line":37,"column":17}},"type":"binary-expr","locations":[{"start":{"line":37,"column":6},"end":{"line":37,"column":10}},{"start":{"line":37,"column":14},"end":{"line":37,"column":17}}],"line":37},"3":{"loc":{"start":{"line":56,"column":2},"end":{"line":63,"column":3}},"type":"if","locations":[{"start":{"line":56,"column":2},"end":{"line":63,"column":3}},{"start":{"line":61,"column":9},"end":{"line":63,"column":3}}],"line":56},"4":{"loc":{"start":{"line":57,"column":4},"end":{"line":59,"column":5}},"type":"if","locations":[{"start":{"line":57,"column":4},"end":{"line":59,"column":5}},{"start":{},"end":{}}],"line":57},"5":{"loc":{"start":{"line":61,"column":9},"end":{"line":63,"column":3}},"type":"if","locations":[{"start":{"line":61,"column":9},"end":{"line":63,"column":3}},{"start":{},"end":{}}],"line":61}},"s":{"0":5,"1":5,"2":5,"3":5,"4":5,"5":2,"6":5,"7":1,"8":1,"9":1,"10":5,"11":0,"12":0,"13":0,"14":0,"15":0,"16":0,"17":0,"18":5,"19":5,"20":4,"21":2,"22":1,"23":1,"24":2,"25":1,"26":1,"27":5},"f":{"0":1,"1":1,"2":0,"3":4},"b":{"0":[2,3],"1":[0,0],"2":[0,0],"3":[2,2],"4":[1,1],"5":[1,1]},"_coverageSchema":"1a1c01bbd47fc00a2c39e90264f33305004495a9","hash":"733d3d735c5f9b0d561441e0d02eb624a117f083"}
}
