{"/home/tushar/FinBrief/Finbrief2/server/middleware/authMiddleware.js": {"path":"/home/tushar/FinBrief/Finbrief2/server/middleware/authMiddleware.js","statementMap":{"0":{"start":{"line":1,"column":12},"end":{"line":1,"column":35}},"1":{"start":{"line":2,"column":15},"end":{"line":2,"column":32}},"2":{"start":{"line":4,"column":0},"end":{"line":4,"column":16}},"3":{"start":{"line":6,"column":16},"end":{"line":23,"column":1}},"4":{"start":{"line":7,"column":2},"end":{"line":22,"column":3}},"5":{"start":{"line":8,"column":18},"end":{"line":8,"column":35}},"6":{"start":{"line":9,"column":4},"end":{"line":11,"column":5}},"7":{"start":{"line":10,"column":6},"end":{"line":10,"column":71}},"8":{"start":{"line":13,"column":24},"end":{"line":13,"column":81}},"9":{"start":{"line":14,"column":4},"end":{"line":19,"column":5}},"10":{"start":{"line":15,"column":6},"end":{"line":15,"column":38}},"11":{"start":{"line":16,"column":6},"end":{"line":16,"column":13}},"12":{"start":{"line":18,"column":6},"end":{"line":18,"column":71}},"13":{"start":{"line":21,"column":4},"end":{"line":21,"column":69}},"14":{"start":{"line":25,"column":0},"end":{"line":25,"column":25}}},"fnMap":{"0":{"name":"(anonymous_0)","decl":{"start":{"line":6,"column":16},"end":{"line":6,"column":17}},"loc":{"start":{"line":6,"column":36},"end":{"line":23,"column":1}},"line":6}},"branchMap":{"0":{"loc":{"start":{"line":9,"column":4},"end":{"line":11,"column":5}},"type":"if","locations":[{"start":{"line":9,"column":4},"end":{"line":11,"column":5}},{"start":{},"end":{}}],"line":9},"1":{"loc":{"start":{"line":13,"column":42},"end":{"line":13,"column":80}},"type":"binary-expr","locations":[{"start":{"line":13,"column":42},"end":{"line":13,"column":64}},{"start":{"line":13,"column":68},"end":{"line":13,"column":80}}],"line":13},"2":{"loc":{"start":{"line":14,"column":4},"end":{"line":19,"column":5}},"type":"if","locations":[{"start":{"line":14,"column":4},"end":{"line":19,"column":5}},{"start":{"line":17,"column":11},"end":{"line":19,"column":5}}],"line":14}},"s":{"0":3,"1":3,"2":3,"3":3,"4":23,"5":23,"6":23,"7":3,"8":20,"9":17,"10":17,"11":17,"12":0,"13":3,"14":3},"f":{"0":23},"b":{"0":[3,20],"1":[20,0],"2":[17,0]},"_coverageSchema":"1a1c01bbd47fc00a2c39e90264f33305004495a9","hash":"1c80e0d1493752da21db49ee471b41e1f1a2ad98"}
,"/home/tushar/FinBrief/Finbrief2/server/models/Project.js": {"path":"/home/tushar/FinBrief/Finbrief2/server/models/Project.js","statementMap":{"0":{"start":{"line":1,"column":17},"end":{"line":1,"column":36}},"1":{"start":{"line":3,"column":22},"end":{"line":49,"column":2}},"2":{"start":{"line":51,"column":0},"end":{"line":51,"column":58}}},"fnMap":{},"branchMap":{},"s":{"0":2,"1":2,"2":2},"f":{},"b":{},"_coverageSchema":"1a1c01bbd47fc00a2c39e90264f33305004495a9","hash":"e9563d8c9383bb308d5d02f046506cb1deea3d98"}
,"/home/tushar/FinBrief/Finbrief2/server/models/User.js": {"path":"/home/tushar/FinBrief/Finbrief2/server/models/User.js","statementMap":{"0":{"start":{"line":1,"column":17},"end":{"line":1,"column":36}},"1":{"start":{"line":2,"column":15},"end":{"line":2,"column":34}},"2":{"start":{"line":4,"column":19},"end":{"line":8,"column":2}},"3":{"start":{"line":11,"column":0},"end":{"line":17,"column":5}},"4":{"start":{"line":12,"column":4},"end":{"line":14,"column":5}},"5":{"start":{"line":13,"column":6},"end":{"line":13,"column":20}},"6":{"start":{"line":15,"column":17},"end":{"line":15,"column":41}},"7":{"start":{"line":16,"column":4},"end":{"line":16,"column":59}},"8":{"start":{"line":21,"column":2},"end":{"line":23,"column":4}},"9":{"start":{"line":22,"column":4},"end":{"line":22,"column":64}},"10":{"start":{"line":25,"column":0},"end":{"line":25,"column":52}}},"fnMap":{"0":{"name":"(anonymous_0)","decl":{"start":{"line":11,"column":23},"end":{"line":11,"column":24}},"loc":{"start":{"line":11,"column":45},"end":{"line":17,"column":3}},"line":11},"1":{"name":"(anonymous_1)","decl":{"start":{"line":21,"column":37},"end":{"line":21,"column":38}},"loc":{"start":{"line":21,"column":70},"end":{"line":23,"column":3}},"line":21}},"branchMap":{"0":{"loc":{"start":{"line":12,"column":4},"end":{"line":14,"column":5}},"type":"if","locations":[{"start":{"line":12,"column":4},"end":{"line":14,"column":5}},{"start":{},"end":{}}],"line":12}},"s":{"0":4,"1":4,"2":4,"3":4,"4":16,"5":1,"6":15,"7":15,"8":4,"9":4,"10":4},"f":{"0":16,"1":4},"b":{"0":[1,15]},"_coverageSchema":"1a1c01bbd47fc00a2c39e90264f33305004495a9","hash":"538357dc50bb91dfc3f24242e53b65f8db0d88bc"}
,"/home/tushar/FinBrief/Finbrief2/server/routes/authRoutes.js": {"path":"/home/tushar/FinBrief/Finbrief2/server/routes/authRoutes.js","statementMap":{"0":{"start":{"line":1,"column":16},"end":{"line":1,"column":34}},"1":{"start":{"line":2,"column":15},"end":{"line":2,"column":34}},"2":{"start":{"line":3,"column":12},"end":{"line":3,"column":35}},"3":{"start":{"line":4,"column":13},"end":{"line":4,"column":38}},"4":{"start":{"line":5,"column":16},"end":{"line":5,"column":55}},"5":{"start":{"line":7,"column":15},"end":{"line":7,"column":31}},"6":{"start":{"line":10,"column":0},"end":{"line":33,"column":3}},"7":{"start":{"line":11,"column":2},"end":{"line":32,"column":3}},"8":{"start":{"line":12,"column":42},"end":{"line":12,"column":50}},"9":{"start":{"line":14,"column":15},"end":{"line":14,"column":44}},"10":{"start":{"line":15,"column":4},"end":{"line":15,"column":74}},"11":{"start":{"line":15,"column":14},"end":{"line":15,"column":74}},"12":{"start":{"line":18,"column":20},"end":{"line":22,"column":6}},"13":{"start":{"line":24,"column":4},"end":{"line":24,"column":25}},"14":{"start":{"line":26,"column":4},"end":{"line":29,"column":7}},"15":{"start":{"line":31,"column":4},"end":{"line":31,"column":83}},"16":{"start":{"line":37,"column":0},"end":{"line":65,"column":3}},"17":{"start":{"line":38,"column":30},"end":{"line":38,"column":38}},"18":{"start":{"line":40,"column":2},"end":{"line":64,"column":3}},"19":{"start":{"line":41,"column":17},"end":{"line":41,"column":46}},"20":{"start":{"line":42,"column":4},"end":{"line":44,"column":5}},"21":{"start":{"line":43,"column":6},"end":{"line":43,"column":76}},"22":{"start":{"line":46,"column":28},"end":{"line":46,"column":62}},"23":{"start":{"line":47,"column":4},"end":{"line":49,"column":5}},"24":{"start":{"line":48,"column":6},"end":{"line":48,"column":76}},"25":{"start":{"line":52,"column":18},"end":{"line":56,"column":5}},"26":{"start":{"line":58,"column":4},"end":{"line":61,"column":7}},"27":{"start":{"line":63,"column":4},"end":{"line":63,"column":80}},"28":{"start":{"line":70,"column":0},"end":{"line":76,"column":6}},"29":{"start":{"line":71,"column":2},"end":{"line":76,"column":3}},"30":{"start":{"line":72,"column":17},"end":{"line":72,"column":68}},"31":{"start":{"line":73,"column":4},"end":{"line":73,"column":23}},"32":{"start":{"line":75,"column":4},"end":{"line":75,"column":91}},"33":{"start":{"line":78,"column":0},"end":{"line":78,"column":24}}},"fnMap":{"0":{"name":"(anonymous_0)","decl":{"start":{"line":10,"column":23},"end":{"line":10,"column":24}},"loc":{"start":{"line":10,"column":43},"end":{"line":33,"column":1}},"line":10},"1":{"name":"(anonymous_1)","decl":{"start":{"line":37,"column":22},"end":{"line":37,"column":23}},"loc":{"start":{"line":37,"column":42},"end":{"line":65,"column":1}},"line":37},"2":{"name":"(anonymous_2)","decl":{"start":{"line":70,"column":27},"end":{"line":70,"column":28}},"loc":{"start":{"line":70,"column":46},"end":{"line":76,"column":4}},"line":70}},"branchMap":{"0":{"loc":{"start":{"line":15,"column":4},"end":{"line":15,"column":74}},"type":"if","locations":[{"start":{"line":15,"column":4},"end":{"line":15,"column":74}},{"start":{},"end":{}}],"line":15},"1":{"loc":{"start":{"line":42,"column":4},"end":{"line":44,"column":5}},"type":"if","locations":[{"start":{"line":42,"column":4},"end":{"line":44,"column":5}},{"start":{},"end":{}}],"line":42},"2":{"loc":{"start":{"line":47,"column":4},"end":{"line":49,"column":5}},"type":"if","locations":[{"start":{"line":47,"column":4},"end":{"line":49,"column":5}},{"start":{},"end":{}}],"line":47}},"s":{"0":1,"1":1,"2":1,"3":1,"4":1,"5":1,"6":1,"7":5,"8":5,"9":5,"10":5,"11":1,"12":4,"13":4,"14":4,"15":0,"16":1,"17":3,"18":3,"19":3,"20":3,"21":1,"22":2,"23":2,"24":1,"25":1,"26":1,"27":0,"28":1,"29":1,"30":1,"31":1,"32":0,"33":1},"f":{"0":5,"1":3,"2":1},"b":{"0":[1,4],"1":[1,2],"2":[1,1]},"_coverageSchema":"1a1c01bbd47fc00a2c39e90264f33305004495a9","hash":"729a50a102c6157766d8629a8741e7aca906bfe5"}
,"/home/tushar/FinBrief/Finbrief2/server/routes/projectRoutes.js": {"path":"/home/tushar/FinBrief/Finbrief2/server/routes/projectRoutes.js","statementMap":{"0":{"start":{"line":1,"column":16},"end":{"line":1,"column":34}},"1":{"start":{"line":2,"column":16},"end":{"line":2,"column":44}},"2":{"start":{"line":3,"column":16},"end":{"line":3,"column":55}},"3":{"start":{"line":4,"column":38},"end":{"line":4,"column":64}},"4":{"start":{"line":5,"column":33},"end":{"line":5,"column":56}},"5":{"start":{"line":7,"column":15},"end":{"line":7,"column":31}},"6":{"start":{"line":10,"column":0},"end":{"line":34,"column":3}},"7":{"start":{"line":11,"column":15},"end":{"line":11,"column":23}},"8":{"start":{"line":13,"column":2},"end":{"line":15,"column":3}},"9":{"start":{"line":14,"column":4},"end":{"line":14,"column":70}},"10":{"start":{"line":17,"column":2},"end":{"line":33,"column":3}},"11":{"start":{"line":19,"column":20},"end":{"line":26,"column":6}},"12":{"start":{"line":28,"column":4},"end":{"line":28,"column":25}},"13":{"start":{"line":30,"column":4},"end":{"line":30,"column":34}},"14":{"start":{"line":32,"column":4},"end":{"line":32,"column":53}},"15":{"start":{"line":37,"column":0},"end":{"line":87,"column":3}},"16":{"start":{"line":38,"column":2},"end":{"line":38,"column":28}},"17":{"start":{"line":39,"column":2},"end":{"line":86,"column":3}},"18":{"start":{"line":41,"column":20},"end":{"line":41,"column":85}},"19":{"start":{"line":43,"column":4},"end":{"line":45,"column":5}},"20":{"start":{"line":44,"column":6},"end":{"line":44,"column":68}},"21":{"start":{"line":48,"column":4},"end":{"line":50,"column":5}},"22":{"start":{"line":49,"column":6},"end":{"line":49,"column":81}},"23":{"start":{"line":53,"column":21},"end":{"line":53,"column":65}},"24":{"start":{"line":54,"column":4},"end":{"line":54,"column":47}},"25":{"start":{"line":58,"column":4},"end":{"line":68,"column":5}},"26":{"start":{"line":59,"column":6},"end":{"line":59,"column":42}},"27":{"start":{"line":62,"column":24},"end":{"line":62,"column":53}},"28":{"start":{"line":63,"column":6},"end":{"line":67,"column":7}},"29":{"start":{"line":64,"column":8},"end":{"line":64,"column":48}},"30":{"start":{"line":66,"column":8},"end":{"line":66,"column":58}},"31":{"start":{"line":70,"column":4},"end":{"line":70,"column":55}},"32":{"start":{"line":73,"column":4},"end":{"line":73,"column":43}},"33":{"start":{"line":74,"column":4},"end":{"line":74,"column":48}},"34":{"start":{"line":75,"column":4},"end":{"line":75,"column":47}},"35":{"start":{"line":76,"column":4},"end":{"line":76,"column":63}},"36":{"start":{"line":77,"column":4},"end":{"line":77,"column":32}},"37":{"start":{"line":79,"column":4},"end":{"line":79,"column":25}},"38":{"start":{"line":80,"column":4},"end":{"line":80,"column":22}},"39":{"start":{"line":82,"column":4},"end":{"line":82,"column":44}},"40":{"start":{"line":83,"column":4},"end":{"line":83,"column":39}},"41":{"start":{"line":84,"column":4},"end":{"line":84,"column":25}},"42":{"start":{"line":85,"column":4},"end":{"line":85,"column":53}},"43":{"start":{"line":90,"column":0},"end":{"line":97,"column":3}},"44":{"start":{"line":91,"column":2},"end":{"line":96,"column":3}},"45":{"start":{"line":92,"column":21},"end":{"line":92,"column":88}},"46":{"start":{"line":93,"column":4},"end":{"line":93,"column":23}},"47":{"start":{"line":95,"column":4},"end":{"line":95,"column":53}},"48":{"start":{"line":100,"column":0},"end":{"line":110,"column":3}},"49":{"start":{"line":101,"column":2},"end":{"line":109,"column":3}},"50":{"start":{"line":102,"column":20},"end":{"line":102,"column":85}},"51":{"start":{"line":103,"column":4},"end":{"line":105,"column":5}},"52":{"start":{"line":104,"column":6},"end":{"line":104,"column":68}},"53":{"start":{"line":106,"column":4},"end":{"line":106,"column":22}},"54":{"start":{"line":108,"column":4},"end":{"line":108,"column":53}},"55":{"start":{"line":113,"column":0},"end":{"line":130,"column":3}},"56":{"start":{"line":114,"column":2},"end":{"line":129,"column":3}},"57":{"start":{"line":115,"column":23},"end":{"line":115,"column":31}},"58":{"start":{"line":116,"column":20},"end":{"line":120,"column":5}},"59":{"start":{"line":122,"column":4},"end":{"line":124,"column":5}},"60":{"start":{"line":123,"column":6},"end":{"line":123,"column":68}},"61":{"start":{"line":126,"column":4},"end":{"line":126,"column":22}},"62":{"start":{"line":128,"column":4},"end":{"line":128,"column":53}},"63":{"start":{"line":133,"column":0},"end":{"line":150,"column":3}},"64":{"start":{"line":134,"column":2},"end":{"line":149,"column":3}},"65":{"start":{"line":135,"column":34},"end":{"line":135,"column":42}},"66":{"start":{"line":136,"column":20},"end":{"line":140,"column":5}},"67":{"start":{"line":142,"column":4},"end":{"line":144,"column":5}},"68":{"start":{"line":143,"column":6},"end":{"line":143,"column":68}},"69":{"start":{"line":146,"column":4},"end":{"line":146,"column":22}},"70":{"start":{"line":148,"column":4},"end":{"line":148,"column":53}},"71":{"start":{"line":153,"column":0},"end":{"line":163,"column":3}},"72":{"start":{"line":154,"column":2},"end":{"line":162,"column":3}},"73":{"start":{"line":155,"column":20},"end":{"line":155,"column":94}},"74":{"start":{"line":156,"column":4},"end":{"line":158,"column":5}},"75":{"start":{"line":157,"column":6},"end":{"line":157,"column":68}},"76":{"start":{"line":159,"column":4},"end":{"line":159,"column":58}},"77":{"start":{"line":161,"column":4},"end":{"line":161,"column":53}},"78":{"start":{"line":166,"column":0},"end":{"line":186,"column":3}},"79":{"start":{"line":167,"column":2},"end":{"line":185,"column":3}},"80":{"start":{"line":168,"column":20},"end":{"line":168,"column":85}},"81":{"start":{"line":170,"column":4},"end":{"line":172,"column":5}},"82":{"start":{"line":171,"column":6},"end":{"line":171,"column":68}},"83":{"start":{"line":174,"column":4},"end":{"line":176,"column":5}},"84":{"start":{"line":175,"column":6},"end":{"line":175,"column":101}},"85":{"start":{"line":178,"column":4},"end":{"line":182,"column":7}},"86":{"start":{"line":184,"column":4},"end":{"line":184,"column":53}},"87":{"start":{"line":189,"column":0},"end":{"line":207,"column":3}},"88":{"start":{"line":190,"column":2},"end":{"line":206,"column":3}},"89":{"start":{"line":191,"column":20},"end":{"line":191,"column":85}},"90":{"start":{"line":193,"column":4},"end":{"line":195,"column":5}},"91":{"start":{"line":194,"column":6},"end":{"line":194,"column":68}},"92":{"start":{"line":197,"column":4},"end":{"line":199,"column":5}},"93":{"start":{"line":198,"column":6},"end":{"line":198,"column":80}},"94":{"start":{"line":201,"column":4},"end":{"line":203,"column":7}},"95":{"start":{"line":205,"column":4},"end":{"line":205,"column":53}},"96":{"start":{"line":209,"column":0},"end":{"line":209,"column":24}}},"fnMap":{"0":{"name":"(anonymous_0)","decl":{"start":{"line":10,"column":68},"end":{"line":10,"column":69}},"loc":{"start":{"line":10,"column":88},"end":{"line":34,"column":1}},"line":10},"1":{"name":"(anonymous_1)","decl":{"start":{"line":37,"column":37},"end":{"line":37,"column":38}},"loc":{"start":{"line":37,"column":57},"end":{"line":87,"column":1}},"line":37},"2":{"name":"(anonymous_2)","decl":{"start":{"line":90,"column":25},"end":{"line":90,"column":26}},"loc":{"start":{"line":90,"column":45},"end":{"line":97,"column":1}},"line":90},"3":{"name":"(anonymous_3)","decl":{"start":{"line":100,"column":28},"end":{"line":100,"column":29}},"loc":{"start":{"line":100,"column":48},"end":{"line":110,"column":1}},"line":100},"4":{"name":"(anonymous_4)","decl":{"start":{"line":113,"column":37},"end":{"line":113,"column":38}},"loc":{"start":{"line":113,"column":57},"end":{"line":130,"column":1}},"line":113},"5":{"name":"(anonymous_5)","decl":{"start":{"line":133,"column":30},"end":{"line":133,"column":31}},"loc":{"start":{"line":133,"column":50},"end":{"line":150,"column":1}},"line":133},"6":{"name":"(anonymous_6)","decl":{"start":{"line":153,"column":31},"end":{"line":153,"column":32}},"loc":{"start":{"line":153,"column":51},"end":{"line":163,"column":1}},"line":153},"7":{"name":"(anonymous_7)","decl":{"start":{"line":166,"column":35},"end":{"line":166,"column":36}},"loc":{"start":{"line":166,"column":55},"end":{"line":186,"column":1}},"line":166},"8":{"name":"(anonymous_8)","decl":{"start":{"line":189,"column":40},"end":{"line":189,"column":41}},"loc":{"start":{"line":189,"column":60},"end":{"line":207,"column":1}},"line":189}},"branchMap":{"0":{"loc":{"start":{"line":13,"column":2},"end":{"line":15,"column":3}},"type":"if","locations":[{"start":{"line":13,"column":2},"end":{"line":15,"column":3}},{"start":{},"end":{}}],"line":13},"1":{"loc":{"start":{"line":43,"column":4},"end":{"line":45,"column":5}},"type":"if","locations":[{"start":{"line":43,"column":4},"end":{"line":45,"column":5}},{"start":{},"end":{}}],"line":43},"2":{"loc":{"start":{"line":48,"column":4},"end":{"line":50,"column":5}},"type":"if","locations":[{"start":{"line":48,"column":4},"end":{"line":50,"column":5}},{"start":{},"end":{}}],"line":48},"3":{"loc":{"start":{"line":63,"column":6},"end":{"line":67,"column":7}},"type":"if","locations":[{"start":{"line":63,"column":6},"end":{"line":67,"column":7}},{"start":{"line":65,"column":13},"end":{"line":67,"column":7}}],"line":63},"4":{"loc":{"start":{"line":103,"column":4},"end":{"line":105,"column":5}},"type":"if","locations":[{"start":{"line":103,"column":4},"end":{"line":105,"column":5}},{"start":{},"end":{}}],"line":103},"5":{"loc":{"start":{"line":122,"column":4},"end":{"line":124,"column":5}},"type":"if","locations":[{"start":{"line":122,"column":4},"end":{"line":124,"column":5}},{"start":{},"end":{}}],"line":122},"6":{"loc":{"start":{"line":142,"column":4},"end":{"line":144,"column":5}},"type":"if","locations":[{"start":{"line":142,"column":4},"end":{"line":144,"column":5}},{"start":{},"end":{}}],"line":142},"7":{"loc":{"start":{"line":156,"column":4},"end":{"line":158,"column":5}},"type":"if","locations":[{"start":{"line":156,"column":4},"end":{"line":158,"column":5}},{"start":{},"end":{}}],"line":156},"8":{"loc":{"start":{"line":170,"column":4},"end":{"line":172,"column":5}},"type":"if","locations":[{"start":{"line":170,"column":4},"end":{"line":172,"column":5}},{"start":{},"end":{}}],"line":170},"9":{"loc":{"start":{"line":174,"column":4},"end":{"line":176,"column":5}},"type":"if","locations":[{"start":{"line":174,"column":4},"end":{"line":176,"column":5}},{"start":{},"end":{}}],"line":174},"10":{"loc":{"start":{"line":174,"column":8},"end":{"line":174,"column":67}},"type":"binary-expr","locations":[{"start":{"line":174,"column":8},"end":{"line":174,"column":24}},{"start":{"line":174,"column":28},"end":{"line":174,"column":45}},{"start":{"line":174,"column":49},"end":{"line":174,"column":67}}],"line":174},"11":{"loc":{"start":{"line":193,"column":4},"end":{"line":195,"column":5}},"type":"if","locations":[{"start":{"line":193,"column":4},"end":{"line":195,"column":5}},{"start":{},"end":{}}],"line":193},"12":{"loc":{"start":{"line":197,"column":4},"end":{"line":199,"column":5}},"type":"if","locations":[{"start":{"line":197,"column":4},"end":{"line":199,"column":5}},{"start":{},"end":{}}],"line":197}},"s":{"0":1,"1":1,"2":1,"3":1,"4":1,"5":1,"6":1,"7":0,"8":0,"9":0,"10":0,"11":0,"12":0,"13":0,"14":0,"15":1,"16":0,"17":0,"18":0,"19":0,"20":0,"21":0,"22":0,"23":0,"24":0,"25":0,"26":0,"27":0,"28":0,"29":0,"30":0,"31":0,"32":0,"33":0,"34":0,"35":0,"36":0,"37":0,"38":0,"39":0,"40":0,"41":0,"42":0,"43":1,"44":2,"45":2,"46":2,"47":0,"48":1,"49":3,"50":3,"51":2,"52":1,"53":1,"54":1,"55":1,"56":2,"57":2,"58":2,"59":2,"60":1,"61":1,"62":0,"63":1,"64":0,"65":0,"66":0,"67":0,"68":0,"69":0,"70":0,"71":1,"72":2,"73":2,"74":2,"75":1,"76":1,"77":0,"78":1,"79":3,"80":3,"81":3,"82":1,"83":2,"84":1,"85":1,"86":0,"87":1,"88":3,"89":3,"90":3,"91":1,"92":2,"93":1,"94":1,"95":0,"96":1},"f":{"0":0,"1":0,"2":2,"3":3,"4":2,"5":0,"6":2,"7":3,"8":3},"b":{"0":[0,0],"1":[0,0],"2":[0,0],"3":[0,0],"4":[1,1],"5":[1,1],"6":[0,0],"7":[1,1],"8":[1,2],"9":[1,1],"10":[2,1,1],"11":[1,2],"12":[1,1]},"_coverageSchema":"1a1c01bbd47fc00a2c39e90264f33305004495a9","hash":"efd75dd5df6e72252c239c1ecda5aa475cbe3c6b"}
,"/home/tushar/FinBrief/Finbrief2/server/utils/llm.js": {"path":"/home/tushar/FinBrief/Finbrief2/server/utils/llm.js","statementMap":{"0":{"start":{"line":1,"column":11},"end":{"line":1,"column":24}},"1":{"start":{"line":2,"column":13},"end":{"line":2,"column":28}},"2":{"start":{"line":3,"column":19},"end":{"line":3,"column":40}},"3":{"start":{"line":4,"column":15},"end":{"line":4,"column":32}},"4":{"start":{"line":5,"column":31},"end":{"line":5,"column":63}},"5":{"start":{"line":7,"column":0},"end":{"line":7,"column":16}},"6":{"start":{"line":9,"column":16},"end":{"line":9,"column":42}},"7":{"start":{"line":11,"column":24},"end":{"line":18,"column":1}},"8":{"start":{"line":12,"column":16},"end":{"line":12,"column":47}},"9":{"start":{"line":13,"column":16},"end":{"line":13,"column":71}},"10":{"start":{"line":14,"column":19},"end":{"line":14,"column":55}},"11":{"start":{"line":15,"column":23},"end":{"line":15,"column":46}},"12":{"start":{"line":16,"column":2},"end":{"line":16,"column":58}},"13":{"start":{"line":21,"column":23},"end":{"line":29,"column":3}},"14":{"start":{"line":22,"column":21},"end":{"line":22,"column":44}},"15":{"start":{"line":23,"column":22},"end":{"line":23,"column":44}},"16":{"start":{"line":24,"column":18},"end":{"line":24,"column":44}},"17":{"start":{"line":25,"column":21},"end":{"line":25,"column":67}},"18":{"start":{"line":28,"column":4},"end":{"line":28,"column":57}},"19":{"start":{"line":28,"column":31},"end":{"line":28,"column":44}},"20":{"start":{"line":32,"column":0},"end":{"line":85,"column":2}},"21":{"start":{"line":33,"column":20},"end":{"line":33,"column":50}},"22":{"start":{"line":36,"column":22},"end":{"line":80,"column":5}},"23":{"start":{"line":83,"column":23},"end":{"line":83,"column":57}},"24":{"start":{"line":84,"column":2},"end":{"line":84,"column":22}}},"fnMap":{"0":{"name":"(anonymous_0)","decl":{"start":{"line":11,"column":24},"end":{"line":11,"column":25}},"loc":{"start":{"line":11,"column":41},"end":{"line":18,"column":1}},"line":11},"1":{"name":"(anonymous_1)","decl":{"start":{"line":21,"column":23},"end":{"line":21,"column":24}},"loc":{"start":{"line":21,"column":43},"end":{"line":29,"column":3}},"line":21},"2":{"name":"(anonymous_2)","decl":{"start":{"line":28,"column":24},"end":{"line":28,"column":25}},"loc":{"start":{"line":28,"column":31},"end":{"line":28,"column":44}},"line":28},"3":{"name":"(anonymous_3)","decl":{"start":{"line":32,"column":38},"end":{"line":32,"column":39}},"loc":{"start":{"line":32,"column":58},"end":{"line":85,"column":1}},"line":32}},"branchMap":{},"s":{"0":1,"1":1,"2":1,"3":1,"4":1,"5":1,"6":1,"7":1,"8":0,"9":0,"10":0,"11":0,"12":0,"13":1,"14":0,"15":0,"16":0,"17":0,"18":0,"19":0,"20":1,"21":0,"22":0,"23":0,"24":0},"f":{"0":0,"1":0,"2":0,"3":0},"b":{},"_coverageSchema":"1a1c01bbd47fc00a2c39e90264f33305004495a9","hash":"7731f5c77a9cc5182aaee7a614bd8ca085f25b09"}
,"/home/tushar/FinBrief/Finbrief2/server/utils/multer.js": {"path":"/home/tushar/FinBrief/Finbrief2/server/utils/multer.js","statementMap":{"0":{"start":{"line":1,"column":15},"end":{"line":1,"column":32}},"1":{"start":{"line":2,"column":11},"end":{"line":2,"column":24}},"2":{"start":{"line":3,"column":13},"end":{"line":3,"column":28}},"3":{"start":{"line":6,"column":18},"end":{"line":6,"column":29}},"4":{"start":{"line":9,"column":0},"end":{"line":11,"column":1}},"5":{"start":{"line":10,"column":2},"end":{"line":10,"column":47}},"6":{"start":{"line":14,"column":16},"end":{"line":23,"column":2}},"7":{"start":{"line":16,"column":4},"end":{"line":16,"column":24}},"8":{"start":{"line":20,"column":25},"end":{"line":20,"column":75}},"9":{"start":{"line":21,"column":4},"end":{"line":21,"column":61}},"10":{"start":{"line":26,"column":19},"end":{"line":42,"column":1}},"11":{"start":{"line":28,"column":23},"end":{"line":31,"column":3}},"12":{"start":{"line":32,"column":22},"end":{"line":32,"column":39}},"13":{"start":{"line":34,"column":15},"end":{"line":34,"column":51}},"14":{"start":{"line":35,"column":14},"end":{"line":35,"column":81}},"15":{"start":{"line":37,"column":2},"end":{"line":41,"column":3}},"16":{"start":{"line":38,"column":4},"end":{"line":38,"column":19}},"17":{"start":{"line":40,"column":4},"end":{"line":40,"column":91}},"18":{"start":{"line":45,"column":15},"end":{"line":52,"column":2}},"19":{"start":{"line":55,"column":26},"end":{"line":65,"column":1}},"20":{"start":{"line":56,"column":2},"end":{"line":63,"column":3}},"21":{"start":{"line":57,"column":4},"end":{"line":59,"column":5}},"22":{"start":{"line":58,"column":6},"end":{"line":58,"column":93}},"23":{"start":{"line":60,"column":4},"end":{"line":60,"column":58}},"24":{"start":{"line":61,"column":9},"end":{"line":63,"column":3}},"25":{"start":{"line":62,"column":4},"end":{"line":62,"column":58}},"26":{"start":{"line":64,"column":2},"end":{"line":64,"column":9}},"27":{"start":{"line":67,"column":0},"end":{"line":67,"column":47}}},"fnMap":{"0":{"name":"(anonymous_0)","decl":{"start":{"line":15,"column":15},"end":{"line":15,"column":16}},"loc":{"start":{"line":15,"column":34},"end":{"line":17,"column":3}},"line":15},"1":{"name":"(anonymous_1)","decl":{"start":{"line":18,"column":12},"end":{"line":18,"column":13}},"loc":{"start":{"line":18,"column":31},"end":{"line":22,"column":3}},"line":18},"2":{"name":"(anonymous_2)","decl":{"start":{"line":26,"column":19},"end":{"line":26,"column":20}},"loc":{"start":{"line":26,"column":38},"end":{"line":42,"column":1}},"line":26},"3":{"name":"(anonymous_3)","decl":{"start":{"line":55,"column":26},"end":{"line":55,"column":27}},"loc":{"start":{"line":55,"column":51},"end":{"line":65,"column":1}},"line":55}},"branchMap":{"0":{"loc":{"start":{"line":9,"column":0},"end":{"line":11,"column":1}},"type":"if","locations":[{"start":{"line":9,"column":0},"end":{"line":11,"column":1}},{"start":{},"end":{}}],"line":9},"1":{"loc":{"start":{"line":37,"column":2},"end":{"line":41,"column":3}},"type":"if","locations":[{"start":{"line":37,"column":2},"end":{"line":41,"column":3}},{"start":{"line":39,"column":9},"end":{"line":41,"column":3}}],"line":37},"2":{"loc":{"start":{"line":37,"column":6},"end":{"line":37,"column":17}},"type":"binary-expr","locations":[{"start":{"line":37,"column":6},"end":{"line":37,"column":10}},{"start":{"line":37,"column":14},"end":{"line":37,"column":17}}],"line":37},"3":{"loc":{"start":{"line":56,"column":2},"end":{"line":63,"column":3}},"type":"if","locations":[{"start":{"line":56,"column":2},"end":{"line":63,"column":3}},{"start":{"line":61,"column":9},"end":{"line":63,"column":3}}],"line":56},"4":{"loc":{"start":{"line":57,"column":4},"end":{"line":59,"column":5}},"type":"if","locations":[{"start":{"line":57,"column":4},"end":{"line":59,"column":5}},{"start":{},"end":{}}],"line":57},"5":{"loc":{"start":{"line":61,"column":9},"end":{"line":63,"column":3}},"type":"if","locations":[{"start":{"line":61,"column":9},"end":{"line":63,"column":3}},{"start":{},"end":{}}],"line":61}},"s":{"0":2,"1":2,"2":2,"3":2,"4":2,"5":0,"6":2,"7":0,"8":0,"9":0,"10":2,"11":0,"12":0,"13":0,"14":0,"15":0,"16":0,"17":0,"18":2,"19":2,"20":4,"21":2,"22":1,"23":1,"24":2,"25":1,"26":1,"27":2},"f":{"0":0,"1":0,"2":0,"3":4},"b":{"0":[0,2],"1":[0,0],"2":[0,0],"3":[2,2],"4":[1,1],"5":[1,1]},"_coverageSchema":"1a1c01bbd47fc00a2c39e90264f33305004495a9","hash":"7f20a88fe82d20f8bbdf0f2069c0977299811aae"}
}
