TN:
SF:middleware/authMiddleware.js
FN:6,(anonymous_0)
FNF:1
FNH:1
FNDA:3,(anonymous_0)
DA:1,1
DA:2,1
DA:4,1
DA:6,1
DA:7,3
DA:8,3
DA:9,3
DA:10,3
DA:13,0
DA:14,0
DA:15,0
DA:16,0
DA:18,0
DA:21,0
DA:25,1
LF:15
LH:9
BRDA:9,0,0,3
BRDA:9,0,1,0
BRDA:13,1,0,0
BRDA:13,1,1,0
BRDA:14,2,0,0
BRDA:14,2,1,0
BRF:6
BRH:1
end_of_record
TN:
SF:middleware/validatePrefernces.js
FN:3,(anonymous_0)
FNF:1
FNH:1
FNDA:3,(anonymous_0)
DA:3,1
DA:4,3
DA:6,3
DA:10,0
DA:13,3
DA:14,0
DA:17,3
DA:18,0
DA:21,3
DA:24,1
LF:10
LH:7
BRDA:6,0,0,0
BRDA:6,0,1,3
BRDA:7,1,0,3
BRDA:7,1,1,3
BRDA:13,2,0,0
BRDA:13,2,1,3
BRDA:13,3,0,3
BRDA:13,3,1,3
BRDA:13,3,2,3
BRDA:17,4,0,0
BRDA:17,4,1,3
BRDA:17,5,0,3
BRDA:17,5,1,3
BRF:13
BRH:10
end_of_record
TN:
SF:models/Comparing.js
FN:6,(anonymous_0)
FN:7,(anonymous_1)
FN:10,(anonymous_2)
FN:17,(anonymous_3)
FN:30,(anonymous_4)
FN:31,(anonymous_5)
FN:58,(anonymous_6)
FN:84,(anonymous_7)
FN:99,(anonymous_8)
FN:125,(anonymous_9)
FNF:10
FNH:10
FNDA:9,(anonymous_0)
FNDA:18,(anonymous_1)
FNDA:48,(anonymous_2)
FNDA:9,(anonymous_3)
FNDA:36,(anonymous_4)
FNDA:96,(anonymous_5)
FNDA:3,(anonymous_6)
FNDA:3,(anonymous_7)
FNDA:3,(anonymous_8)
FNDA:3,(anonymous_9)
DA:1,1
DA:2,1
DA:5,1
DA:7,9
DA:8,18
DA:10,48
DA:16,1
DA:18,9
DA:24,1
DA:31,96
DA:39,1
DA:52,1
DA:58,3
DA:84,3
DA:100,3
DA:119,1
DA:125,1
DA:126,3
DA:127,3
DA:129,3
DA:132,1
LF:21
LH:21
BRDA:8,0,0,18
BRDA:8,0,1,18
BRDA:8,0,2,18
BRDA:18,1,0,9
BRDA:18,1,1,9
BRDA:31,2,0,36
BRDA:31,2,1,36
BRDA:100,3,0,3
BRDA:100,3,1,0
BRDA:126,4,0,3
BRDA:126,4,1,0
BRF:11
BRH:9
end_of_record
TN:
SF:models/Project.js
FNF:0
FNH:0
DA:1,2
DA:3,2
DA:60,2
LF:3
LH:3
BRF:0
BRH:0
end_of_record
TN:
SF:models/User.js
FN:7,(anonymous_0)
FN:13,(anonymous_1)
FN:23,(anonymous_2)
FNF:3
FNH:3
FNDA:8,(anonymous_0)
FNDA:8,(anonymous_1)
FNDA:5,(anonymous_2)
DA:1,1
DA:2,1
DA:4,1
DA:7,8
DA:13,1
DA:14,8
DA:15,0
DA:17,8
DA:18,8
DA:23,1
DA:24,5
DA:27,1
LF:12
LH:11
BRDA:14,0,0,0
BRDA:14,0,1,8
BRF:2
BRH:1
end_of_record
TN:
SF:models/UserPreferences.js
FNF:0
FNH:0
DA:1,2
DA:3,2
DA:41,2
DA:43,2
DA:44,2
LF:5
LH:5
BRF:0
BRH:0
end_of_record
TN:
SF:routes/authRoutes.js
FN:12,(anonymous_0)
FN:39,(anonymous_1)
FN:72,(anonymous_2)
FN:114,(anonymous_3)
FNF:4
FNH:4
FNDA:9,(anonymous_0)
FNDA:6,(anonymous_1)
FNDA:5,(anonymous_2)
FNDA:1,(anonymous_3)
DA:1,1
DA:2,1
DA:3,1
DA:4,1
DA:5,1
DA:6,1
DA:8,1
DA:9,1
DA:12,1
DA:13,9
DA:14,9
DA:16,9
DA:17,9
DA:19,8
DA:25,8
DA:27,8
DA:32,0
DA:39,1
DA:40,6
DA:41,6
DA:43,6
DA:44,6
DA:45,6
DA:46,1
DA:49,5
DA:50,5
DA:51,1
DA:55,4
DA:61,4
DA:67,0
DA:72,1
DA:73,5
DA:74,5
DA:77,5
DA:82,5
DA:84,0
DA:85,0
DA:88,0
DA:89,0
DA:90,0
DA:91,0
DA:96,0
DA:102,0
DA:108,5
DA:109,5
DA:114,1
DA:115,1
DA:116,1
DA:117,1
DA:119,0
DA:125,1
LF:51
LH:40
BRDA:17,0,0,1
BRDA:17,0,1,8
BRDA:45,1,0,1
BRDA:45,1,1,5
BRDA:50,2,0,1
BRDA:50,2,1,4
BRDA:89,3,0,0
BRDA:89,3,1,0
BRF:8
BRH:6
end_of_record
TN:
SF:routes/comparingRoutes.js
FN:11,(anonymous_0)
FN:25,(anonymous_1)
FN:28,(anonymous_2)
FN:38,(anonymous_3)
FN:44,(anonymous_4)
FN:57,(anonymous_5)
FN:74,(anonymous_6)
FN:82,(anonymous_7)
FN:95,(anonymous_8)
FN:129,(anonymous_9)
FNF:10
FNH:10
FNDA:3,(anonymous_0)
FNDA:6,(anonymous_1)
FNDA:12,(anonymous_2)
FNDA:6,(anonymous_3)
FNDA:6,(anonymous_4)
FNDA:3,(anonymous_5)
FNDA:18,(anonymous_6)
FNDA:48,(anonymous_7)
FNDA:8,(anonymous_8)
FNDA:8,(anonymous_9)
DA:1,1
DA:2,1
DA:3,1
DA:4,1
DA:5,1
DA:6,1
DA:8,1
DA:11,1
DA:12,3
DA:15,3
DA:16,3
DA:17,12
DA:18,0
DA:23,3
DA:24,3
DA:26,6
DA:27,6
DA:28,12
DA:31,0
DA:36,3
DA:37,3
DA:38,6
DA:42,3
DA:43,3
DA:44,6
DA:49,3
DA:50,0
DA:53,3
DA:57,1
DA:58,3
DA:60,3
DA:61,3
DA:62,9
DA:63,9
DA:65,9
DA:66,0
DA:69,9
DA:70,0
DA:74,9
DA:75,18
DA:76,0
DA:78,18
DA:79,0
DA:82,18
DA:83,48
DA:84,48
DA:85,0
DA:87,48
DA:92,3
DA:95,1
DA:96,8
DA:98,8
DA:99,1
DA:104,7
DA:105,7
DA:106,1
DA:112,6
DA:117,6
DA:118,1
DA:124,5
DA:125,5
DA:126,1
DA:129,8
DA:132,4
DA:133,3
DA:136,3
DA:137,3
DA:140,3
DA:149,3
DA:151,3
DA:161,1
DA:162,1
DA:164,1
DA:174,1
LF:74
LH:66
BRDA:12,0,0,0
BRDA:12,0,1,3
BRDA:17,1,0,0
BRDA:17,1,1,12
BRDA:23,2,0,3
BRDA:23,2,1,0
BRDA:26,3,0,6
BRDA:26,3,1,0
BRDA:36,4,0,3
BRDA:36,4,1,0
BRDA:42,5,0,3
BRDA:42,5,1,0
BRDA:49,6,0,0
BRDA:49,6,1,3
BRDA:58,7,0,0
BRDA:58,7,1,3
BRDA:63,8,0,0
BRDA:63,8,1,9
BRDA:65,9,0,0
BRDA:65,9,1,9
BRDA:69,10,0,0
BRDA:69,10,1,9
BRDA:75,11,0,0
BRDA:75,11,1,18
BRDA:78,12,0,0
BRDA:78,12,1,18
BRDA:84,13,0,0
BRDA:84,13,1,48
BRDA:98,14,0,1
BRDA:98,14,1,7
BRDA:105,15,0,1
BRDA:105,15,1,6
BRDA:117,16,0,1
BRDA:117,16,1,5
BRDA:125,17,0,1
BRDA:125,17,1,4
BRDA:162,18,0,0
BRDA:162,18,1,1
BRDA:163,19,0,0
BRDA:163,19,1,1
BRDA:166,20,0,0
BRDA:166,20,1,1
BRDA:167,21,0,0
BRDA:167,21,1,1
BRF:44
BRH:26
end_of_record
TN:
SF:routes/projectRoutes.js
FN:11,(anonymous_0)
FN:23,(anonymous_1)
FN:61,(anonymous_2)
FN:89,(anonymous_3)
FN:151,(anonymous_4)
FN:163,(anonymous_5)
FN:179,(anonymous_6)
FN:219,(anonymous_7)
FN:235,(anonymous_8)
FNF:9
FNH:7
FNDA:2,(anonymous_0)
FNDA:3,(anonymous_1)
FNDA:1,(anonymous_2)
FNDA:7,(anonymous_3)
FNDA:2,(anonymous_4)
FNDA:2,(anonymous_5)
FNDA:2,(anonymous_6)
FNDA:0,(anonymous_7)
FNDA:0,(anonymous_8)
DA:1,1
DA:2,1
DA:3,1
DA:4,1
DA:5,1
DA:6,1
DA:7,1
DA:9,1
DA:11,1
DA:12,2
DA:13,2
DA:14,2
DA:15,1
DA:17,1
DA:19,0
DA:23,1
DA:24,3
DA:25,3
DA:28,3
DA:30,3
DA:32,1
DA:33,1
DA:34,1
DA:35,1
DA:36,1
DA:37,1
DA:40,2
DA:47,2
DA:48,2
DA:51,0
DA:56,1
DA:62,1
DA:64,1
DA:65,1
DA:68,0
DA:70,0
DA:79,0
DA:81,0
DA:83,0
DA:89,1
DA:90,7
DA:91,7
DA:96,7
DA:97,1
DA:101,6
DA:102,6
DA:103,1
DA:107,5
DA:113,4
DA:114,1
DA:121,3
DA:122,3
DA:125,2
DA:126,2
DA:127,1
DA:129,1
DA:134,2
DA:135,2
DA:136,2
DA:137,2
DA:138,2
DA:139,2
DA:140,2
DA:142,2
DA:143,2
DA:145,2
DA:146,2
DA:151,1
DA:152,2
DA:153,2
DA:156,2
DA:158,0
DA:163,1
DA:164,2
DA:165,2
DA:169,2
DA:170,1
DA:172,1
DA:174,0
DA:179,1
DA:180,2
DA:181,2
DA:182,2
DA:188,2
DA:189,1
DA:192,1
DA:194,0
DA:219,1
DA:220,0
DA:221,0
DA:225,0
DA:226,0
DA:228,0
DA:230,0
DA:235,1
DA:236,0
DA:237,0
DA:238,0
DA:243,0
DA:244,0
DA:248,0
DA:249,0
DA:250,0
DA:254,0
DA:262,0
DA:263,0
DA:265,0
DA:266,0
DA:267,0
DA:269,0
DA:273,0
DA:275,0
DA:276,0
DA:280,1
LF:114
LH:80
BRDA:14,0,0,1
BRDA:14,0,1,1
BRDA:30,1,0,1
BRDA:30,1,1,2
BRDA:64,2,0,1
BRDA:64,2,1,0
BRDA:96,3,0,1
BRDA:96,3,1,6
BRDA:102,4,0,1
BRDA:102,4,1,5
BRDA:113,5,0,1
BRDA:113,5,1,3
BRDA:126,6,0,1
BRDA:126,6,1,1
BRDA:169,7,0,1
BRDA:169,7,1,1
BRDA:188,8,0,1
BRDA:188,8,1,1
BRDA:225,9,0,0
BRDA:225,9,1,0
BRDA:243,10,0,0
BRDA:243,10,1,0
BRDA:249,11,0,0
BRDA:249,11,1,0
BRDA:266,12,0,0
BRDA:266,12,1,0
BRF:26
BRH:17
end_of_record
TN:
SF:utils/groq.js
FN:13,(anonymous_0)
FN:18,(anonymous_1)
FN:21,(anonymous_2)
FN:30,(anonymous_3)
FN:37,(anonymous_4)
FN:61,(anonymous_5)
FN:63,(anonymous_6)
FN:80,(anonymous_7)
FN:83,(anonymous_8)
FN:94,(anonymous_9)
FN:101,(anonymous_10)
FN:118,(anonymous_11)
FN:189,(anonymous_12)
FN:257,(anonymous_13)
FN:266,(anonymous_14)
FNF:15
FNH:9
FNDA:2,(anonymous_0)
FNDA:2,(anonymous_1)
FNDA:1,(anonymous_2)
FNDA:2,(anonymous_3)
FNDA:2,(anonymous_4)
FNDA:0,(anonymous_5)
FNDA:0,(anonymous_6)
FNDA:0,(anonymous_7)
FNDA:0,(anonymous_8)
FNDA:0,(anonymous_9)
FNDA:0,(anonymous_10)
FNDA:1,(anonymous_11)
FNDA:1,(anonymous_12)
FNDA:1,(anonymous_13)
FNDA:1,(anonymous_14)
DA:1,4
DA:2,4
DA:3,4
DA:4,4
DA:6,4
DA:8,4
DA:13,4
DA:14,2
DA:15,1
DA:16,1
DA:17,1
DA:18,2
DA:21,4
DA:22,1
DA:23,1
DA:24,1
DA:25,1
DA:26,1
DA:27,1
DA:28,1
DA:30,2
DA:33,1
DA:37,4
DA:38,2
DA:39,2
DA:52,0
DA:55,0
DA:56,0
DA:59,0
DA:60,0
DA:61,0
DA:65,0
DA:66,0
DA:68,0
DA:74,0
DA:75,0
DA:78,0
DA:79,0
DA:81,0
DA:82,0
DA:83,0
DA:86,0
DA:92,0
DA:93,0
DA:94,0
DA:99,0
DA:100,0
DA:101,0
DA:106,0
DA:108,0
DA:109,0
DA:112,2
DA:113,2
DA:118,4
DA:119,1
DA:121,0
DA:185,0
DA:189,4
DA:195,1
DA:197,1
DA:251,1
DA:257,4
DA:262,1
DA:265,1
DA:266,1
DA:270,1
DA:342,1
DA:345,0
DA:348,0
LF:69
LH:39
BRDA:37,0,0,0
BRDA:59,1,0,0
BRDA:59,1,1,0
BRDA:65,2,0,0
BRDA:65,2,1,0
BRDA:65,3,0,0
BRDA:65,3,1,0
BRDA:74,4,0,0
BRDA:74,4,1,0
BRDA:78,5,0,0
BRDA:78,5,1,0
BRDA:81,6,0,0
BRDA:81,6,1,0
BRDA:92,7,0,0
BRDA:92,7,1,0
BRDA:99,8,0,0
BRDA:99,8,1,0
BRDA:122,9,0,0
BRDA:122,9,1,0
BRDA:198,10,0,1
BRDA:198,10,1,0
BRDA:271,11,0,1
BRDA:271,11,1,0
BRF:23
BRH:2
end_of_record
TN:
SF:utils/llm.js
FN:16,(anonymous_0)
FN:22,(anonymous_1)
FN:25,(anonymous_2)
FN:35,(anonymous_3)
FN:44,(anonymous_4)
FN:65,(anonymous_5)
FN:129,(anonymous_6)
FN:188,(anonymous_7)
FN:196,(anonymous_8)
FNF:9
FNH:9
FNDA:2,(anonymous_0)
FNDA:2,(anonymous_1)
FNDA:1,(anonymous_2)
FNDA:2,(anonymous_3)
FNDA:2,(anonymous_4)
FNDA:1,(anonymous_5)
FNDA:1,(anonymous_6)
FNDA:1,(anonymous_7)
FNDA:1,(anonymous_8)
DA:1,4
DA:2,4
DA:3,4
DA:4,4
DA:5,4
DA:7,4
DA:9,4
DA:10,4
DA:11,4
DA:16,4
DA:17,2
DA:18,1
DA:19,1
DA:20,1
DA:22,2
DA:25,4
DA:26,1
DA:27,1
DA:28,1
DA:29,1
DA:30,1
DA:31,1
DA:33,1
DA:35,2
DA:38,1
DA:44,4
DA:46,2
DA:52,2
DA:57,2
DA:58,0
DA:59,0
DA:65,4
DA:66,1
DA:68,0
DA:123,0
DA:129,4
DA:135,1
DA:137,1
DA:184,1
DA:188,4
DA:193,1
DA:195,1
DA:196,1
DA:199,1
DA:270,1
DA:271,0
DA:272,0
LF:47
LH:41
BRDA:44,0,0,0
BRDA:69,1,0,0
BRDA:69,1,1,0
BRDA:138,2,0,1
BRDA:138,2,1,0
BRDA:200,3,0,1
BRDA:200,3,1,0
BRF:7
BRH:2
end_of_record
TN:
SF:utils/multer.js
FN:15,(anonymous_0)
FN:18,(anonymous_1)
FN:26,(anonymous_2)
FN:61,(anonymous_3)
FNF:4
FNH:0
FNDA:0,(anonymous_0)
FNDA:0,(anonymous_1)
FNDA:0,(anonymous_2)
FNDA:0,(anonymous_3)
DA:1,0
DA:2,0
DA:3,0
DA:6,0
DA:9,0
DA:10,0
DA:14,0
DA:16,0
DA:20,0
DA:21,0
DA:26,0
DA:28,0
DA:32,0
DA:34,0
DA:35,0
DA:37,0
DA:38,0
DA:40,0
DA:45,0
DA:55,0
DA:58,0
DA:61,0
DA:62,0
DA:63,0
DA:64,0
DA:66,0
DA:67,0
DA:68,0
DA:70,0
DA:73,0
LF:30
LH:0
BRDA:9,0,0,0
BRDA:9,0,1,0
BRDA:37,1,0,0
BRDA:37,1,1,0
BRDA:37,2,0,0
BRDA:37,2,1,0
BRDA:62,3,0,0
BRDA:62,3,1,0
BRDA:63,4,0,0
BRDA:63,4,1,0
BRDA:67,5,0,0
BRDA:67,5,1,0
BRF:12
BRH:0
end_of_record
TN:
SF:utils/services.js
FN:5,(anonymous_0)
FN:21,(anonymous_1)
FN:42,(anonymous_2)
FN:65,(anonymous_3)
FNF:4
FNH:4
FNDA:9,(anonymous_0)
FNDA:3,(anonymous_1)
FNDA:3,(anonymous_2)
FNDA:3,(anonymous_3)
DA:1,3
DA:2,3
DA:5,3
DA:6,9
DA:15,9
DA:20,3
DA:22,3
DA:23,3
DA:25,3
DA:26,1
DA:32,2
DA:33,1
DA:39,1
DA:43,3
DA:44,3
DA:46,3
DA:47,1
DA:54,2
DA:55,1
DA:62,1
DA:66,3
DA:67,3
DA:69,3
DA:70,1
DA:76,2
DA:77,1
DA:83,1
LF:27
LH:27
BRDA:15,0,0,9
BRDA:15,0,1,0
BRDA:25,1,0,1
BRDA:25,1,1,2
BRDA:32,2,0,1
BRDA:32,2,1,1
BRDA:46,3,0,1
BRDA:46,3,1,2
BRDA:54,4,0,1
BRDA:54,4,1,1
BRDA:69,5,0,1
BRDA:69,5,1,2
BRDA:76,6,0,1
BRDA:76,6,1,1
BRF:14
BRH:13
end_of_record
