TN:
SF:middleware/authMiddleware.js
FN:6,(anonymous_0)
FNF:1
FNH:0
FNDA:0,(anonymous_0)
DA:1,0
DA:2,0
DA:4,0
DA:6,0
DA:7,0
DA:8,0
DA:9,0
DA:10,0
DA:13,0
DA:14,0
DA:15,0
DA:16,0
DA:18,0
DA:21,0
DA:25,0
LF:15
LH:0
BRDA:9,0,0,0
BRDA:9,0,1,0
BRDA:13,1,0,0
BRDA:13,1,1,0
BRDA:14,2,0,0
BRDA:14,2,1,0
BRF:6
BRH:0
end_of_record
TN:
SF:middleware/validatePrefernces.js
FN:3,(anonymous_0)
FNF:1
FNH:1
FNDA:3,(anonymous_0)
DA:3,1
DA:4,3
DA:6,3
DA:10,0
DA:13,3
DA:14,0
DA:17,3
DA:18,0
DA:21,3
DA:24,1
LF:10
LH:7
BRDA:6,0,0,0
BRDA:6,0,1,3
BRDA:7,1,0,3
BRDA:7,1,1,3
BRDA:13,2,0,0
BRDA:13,2,1,3
BRDA:13,3,0,3
BRDA:13,3,1,3
BRDA:13,3,2,3
BRDA:17,4,0,0
BRDA:17,4,1,3
BRDA:17,5,0,3
BRDA:17,5,1,3
BRF:13
BRH:10
end_of_record
TN:
SF:models/Comparing.js
FN:10,(anonymous_0)
FN:33,(anonymous_1)
FN:66,(anonymous_2)
FNF:3
FNH:0
FNDA:0,(anonymous_0)
FNDA:0,(anonymous_1)
FNDA:0,(anonymous_2)
DA:1,0
DA:2,0
DA:4,0
DA:10,0
DA:33,0
DA:67,0
DA:83,0
DA:88,0
LF:8
LH:0
BRDA:67,0,0,0
BRDA:67,0,1,0
BRF:2
BRH:0
end_of_record
TN:
SF:models/Project.js
FNF:0
FNH:0
DA:1,1
DA:3,1
DA:60,1
LF:3
LH:3
BRF:0
BRH:0
end_of_record
TN:
SF:models/User.js
FN:7,(anonymous_0)
FN:13,(anonymous_1)
FN:23,(anonymous_2)
FNF:3
FNH:3
FNDA:8,(anonymous_0)
FNDA:8,(anonymous_1)
FNDA:5,(anonymous_2)
DA:1,1
DA:2,1
DA:4,1
DA:7,8
DA:13,1
DA:14,8
DA:15,0
DA:17,8
DA:18,8
DA:23,1
DA:24,5
DA:27,1
LF:12
LH:11
BRDA:14,0,0,0
BRDA:14,0,1,8
BRF:2
BRH:1
end_of_record
TN:
SF:models/UserPreferences.js
FNF:0
FNH:0
DA:1,1
DA:3,1
DA:16,1
DA:17,1
LF:4
LH:4
BRF:0
BRH:0
end_of_record
TN:
SF:routes/authRoutes.js
FN:12,(anonymous_0)
FN:39,(anonymous_1)
FN:72,(anonymous_2)
FN:114,(anonymous_3)
FNF:4
FNH:3
FNDA:9,(anonymous_0)
FNDA:6,(anonymous_1)
FNDA:0,(anonymous_2)
FNDA:1,(anonymous_3)
DA:1,1
DA:2,1
DA:3,1
DA:4,1
DA:5,1
DA:6,1
DA:8,1
DA:9,1
DA:12,1
DA:13,9
DA:14,9
DA:16,9
DA:17,9
DA:19,8
DA:25,8
DA:27,8
DA:32,0
DA:39,1
DA:40,6
DA:41,6
DA:43,6
DA:44,6
DA:45,6
DA:46,1
DA:49,5
DA:50,5
DA:51,1
DA:55,4
DA:61,4
DA:67,0
DA:72,1
DA:73,0
DA:74,0
DA:77,0
DA:82,0
DA:84,0
DA:85,0
DA:88,0
DA:89,0
DA:90,0
DA:91,0
DA:96,0
DA:102,0
DA:108,0
DA:109,0
DA:114,1
DA:115,1
DA:116,1
DA:117,1
DA:119,0
DA:125,1
LF:51
LH:34
BRDA:17,0,0,1
BRDA:17,0,1,8
BRDA:45,1,0,1
BRDA:45,1,1,5
BRDA:50,2,0,1
BRDA:50,2,1,4
BRDA:89,3,0,0
BRDA:89,3,1,0
BRF:8
BRH:6
end_of_record
TN:
SF:routes/comparingRoutes.js
FN:12,(anonymous_0)
FN:46,(anonymous_1)
FNF:2
FNH:0
FNDA:0,(anonymous_0)
FNDA:0,(anonymous_1)
DA:1,0
DA:2,0
DA:3,0
DA:4,0
DA:5,0
DA:7,0
DA:8,0
DA:10,0
DA:12,0
DA:13,0
DA:15,0
DA:16,0
DA:21,0
DA:22,0
DA:23,0
DA:29,0
DA:34,0
DA:35,0
DA:41,0
DA:42,0
DA:43,0
DA:46,0
DA:49,0
DA:50,0
DA:53,0
DA:54,0
DA:58,0
DA:68,0
DA:70,0
DA:80,0
DA:81,0
DA:82,0
DA:92,0
LF:33
LH:0
BRDA:15,0,0,0
BRDA:15,0,1,0
BRDA:22,1,0,0
BRDA:22,1,1,0
BRDA:34,2,0,0
BRDA:34,2,1,0
BRDA:42,3,0,0
BRDA:42,3,1,0
BRDA:53,4,0,0
BRDA:53,4,1,0
BRDA:53,5,0,0
BRDA:53,5,1,0
BRDA:81,6,0,0
BRDA:81,6,1,0
BRDA:84,7,0,0
BRDA:84,7,1,0
BRF:16
BRH:0
end_of_record
TN:
SF:routes/projectRoutes.js
FN:13,(anonymous_0)
FN:25,(anonymous_1)
FN:63,(anonymous_2)
FN:91,(anonymous_3)
FN:153,(anonymous_4)
FN:165,(anonymous_5)
FN:181,(anonymous_6)
FN:201,(anonymous_7)
FN:221,(anonymous_8)
FN:237,(anonymous_9)
FNF:10
FNH:5
FNDA:2,(anonymous_0)
FNDA:3,(anonymous_1)
FNDA:0,(anonymous_2)
FNDA:0,(anonymous_3)
FNDA:2,(anonymous_4)
FNDA:2,(anonymous_5)
FNDA:2,(anonymous_6)
FNDA:0,(anonymous_7)
FNDA:0,(anonymous_8)
FNDA:0,(anonymous_9)
DA:1,1
DA:2,1
DA:3,1
DA:4,1
DA:5,1
DA:6,1
DA:7,1
DA:8,1
DA:11,1
DA:13,1
DA:14,2
DA:15,2
DA:16,2
DA:17,1
DA:19,1
DA:21,0
DA:25,1
DA:26,3
DA:27,3
DA:30,3
DA:32,3
DA:34,1
DA:35,1
DA:36,1
DA:37,1
DA:38,1
DA:39,1
DA:42,2
DA:49,2
DA:50,2
DA:53,0
DA:58,1
DA:64,0
DA:66,0
DA:67,0
DA:70,0
DA:72,0
DA:81,0
DA:83,0
DA:85,0
DA:91,1
DA:92,0
DA:93,0
DA:98,0
DA:99,0
DA:103,0
DA:104,0
DA:105,0
DA:109,0
DA:115,0
DA:116,0
DA:123,0
DA:124,0
DA:127,0
DA:128,0
DA:129,0
DA:131,0
DA:136,0
DA:137,0
DA:138,0
DA:139,0
DA:140,0
DA:141,0
DA:142,0
DA:144,0
DA:145,0
DA:147,0
DA:148,0
DA:153,1
DA:154,2
DA:155,2
DA:158,2
DA:160,0
DA:165,1
DA:166,2
DA:167,2
DA:171,2
DA:172,1
DA:174,1
DA:176,0
DA:181,1
DA:182,2
DA:183,2
DA:184,2
DA:190,2
DA:191,1
DA:194,1
DA:196,0
DA:201,1
DA:202,0
DA:203,0
DA:204,0
DA:210,0
DA:211,0
DA:214,0
DA:216,0
DA:221,1
DA:222,0
DA:223,0
DA:227,0
DA:228,0
DA:230,0
DA:232,0
DA:237,1
DA:238,0
DA:239,0
DA:240,0
DA:245,0
DA:246,0
DA:250,0
DA:251,0
DA:252,0
DA:256,0
DA:264,0
DA:265,0
DA:267,0
DA:268,0
DA:269,0
DA:271,0
DA:275,0
DA:277,0
DA:278,0
DA:282,1
LF:123
LH:52
BRDA:16,0,0,1
BRDA:16,0,1,1
BRDA:32,1,0,1
BRDA:32,1,1,2
BRDA:66,2,0,0
BRDA:66,2,1,0
BRDA:98,3,0,0
BRDA:98,3,1,0
BRDA:104,4,0,0
BRDA:104,4,1,0
BRDA:115,5,0,0
BRDA:115,5,1,0
BRDA:128,6,0,0
BRDA:128,6,1,0
BRDA:171,7,0,1
BRDA:171,7,1,1
BRDA:190,8,0,1
BRDA:190,8,1,1
BRDA:210,9,0,0
BRDA:210,9,1,0
BRDA:227,10,0,0
BRDA:227,10,1,0
BRDA:245,11,0,0
BRDA:245,11,1,0
BRDA:251,12,0,0
BRDA:251,12,1,0
BRDA:268,13,0,0
BRDA:268,13,1,0
BRF:28
BRH:8
end_of_record
TN:
SF:utils/groq.js
FN:13,(anonymous_0)
FN:18,(anonymous_1)
FN:21,(anonymous_2)
FN:30,(anonymous_3)
FN:37,(anonymous_4)
FN:60,(anonymous_5)
FN:128,(anonymous_6)
FN:195,(anonymous_7)
FN:204,(anonymous_8)
FNF:9
FNH:0
FNDA:0,(anonymous_0)
FNDA:0,(anonymous_1)
FNDA:0,(anonymous_2)
FNDA:0,(anonymous_3)
FNDA:0,(anonymous_4)
FNDA:0,(anonymous_5)
FNDA:0,(anonymous_6)
FNDA:0,(anonymous_7)
FNDA:0,(anonymous_8)
DA:1,1
DA:2,1
DA:3,1
DA:4,1
DA:6,1
DA:8,1
DA:13,1
DA:14,0
DA:15,0
DA:16,0
DA:17,0
DA:18,0
DA:21,1
DA:22,0
DA:23,0
DA:24,0
DA:25,0
DA:26,0
DA:27,0
DA:28,0
DA:30,0
DA:33,0
DA:37,1
DA:38,0
DA:39,0
DA:51,0
DA:53,0
DA:54,0
DA:60,1
DA:61,0
DA:63,0
DA:124,0
DA:128,1
DA:135,0
DA:139,0
DA:191,0
DA:195,1
DA:200,0
DA:203,0
DA:204,0
DA:208,0
DA:274,0
DA:277,0
DA:280,0
LF:44
LH:12
BRDA:37,0,0,0
BRDA:64,1,0,0
BRDA:64,1,1,0
BRDA:140,2,0,0
BRDA:140,2,1,0
BRDA:209,3,0,0
BRDA:209,3,1,0
BRF:7
BRH:0
end_of_record
TN:
SF:utils/llm.js
FN:16,(anonymous_0)
FN:22,(anonymous_1)
FN:25,(anonymous_2)
FN:35,(anonymous_3)
FN:44,(anonymous_4)
FN:65,(anonymous_5)
FN:129,(anonymous_6)
FN:188,(anonymous_7)
FN:196,(anonymous_8)
FNF:9
FNH:0
FNDA:0,(anonymous_0)
FNDA:0,(anonymous_1)
FNDA:0,(anonymous_2)
FNDA:0,(anonymous_3)
FNDA:0,(anonymous_4)
FNDA:0,(anonymous_5)
FNDA:0,(anonymous_6)
FNDA:0,(anonymous_7)
FNDA:0,(anonymous_8)
DA:1,1
DA:2,1
DA:3,1
DA:4,1
DA:5,1
DA:7,1
DA:9,1
DA:10,1
DA:11,1
DA:16,1
DA:17,0
DA:18,0
DA:19,0
DA:20,0
DA:22,0
DA:25,1
DA:26,0
DA:27,0
DA:28,0
DA:29,0
DA:30,0
DA:31,0
DA:33,0
DA:35,0
DA:38,0
DA:44,1
DA:46,0
DA:52,0
DA:57,0
DA:58,0
DA:59,0
DA:65,1
DA:66,0
DA:68,0
DA:123,0
DA:129,1
DA:135,0
DA:137,0
DA:184,0
DA:188,1
DA:193,0
DA:195,0
DA:196,0
DA:199,0
DA:270,0
DA:271,0
DA:272,0
LF:47
LH:15
BRDA:44,0,0,0
BRDA:69,1,0,0
BRDA:69,1,1,0
BRDA:138,2,0,0
BRDA:138,2,1,0
BRDA:200,3,0,0
BRDA:200,3,1,0
BRF:7
BRH:0
end_of_record
TN:
SF:utils/multer.js
FN:15,(anonymous_0)
FN:18,(anonymous_1)
FN:26,(anonymous_2)
FN:61,(anonymous_3)
FNF:4
FNH:0
FNDA:0,(anonymous_0)
FNDA:0,(anonymous_1)
FNDA:0,(anonymous_2)
FNDA:0,(anonymous_3)
DA:1,1
DA:2,1
DA:3,1
DA:6,1
DA:9,1
DA:10,0
DA:14,1
DA:16,0
DA:20,0
DA:21,0
DA:26,1
DA:28,0
DA:32,0
DA:34,0
DA:35,0
DA:37,0
DA:38,0
DA:40,0
DA:45,1
DA:55,1
DA:58,1
DA:61,1
DA:62,0
DA:63,0
DA:64,0
DA:66,0
DA:67,0
DA:68,0
DA:70,0
DA:73,1
LF:30
LH:12
BRDA:9,0,0,0
BRDA:9,0,1,1
BRDA:37,1,0,0
BRDA:37,1,1,0
BRDA:37,2,0,0
BRDA:37,2,1,0
BRDA:62,3,0,0
BRDA:62,3,1,0
BRDA:63,4,0,0
BRDA:63,4,1,0
BRDA:67,5,0,0
BRDA:67,5,1,0
BRF:12
BRH:1
end_of_record
TN:
SF:utils/services.js
FN:4,(anonymous_0)
FN:20,(anonymous_1)
FN:41,(anonymous_2)
FN:64,(anonymous_3)
FNF:4
FNH:0
FNDA:0,(anonymous_0)
FNDA:0,(anonymous_1)
FNDA:0,(anonymous_2)
FNDA:0,(anonymous_3)
DA:1,1
DA:2,1
DA:4,1
DA:5,0
DA:14,0
DA:19,1
DA:21,0
DA:22,0
DA:24,0
DA:25,0
DA:31,0
DA:32,0
DA:38,0
DA:42,0
DA:43,0
DA:45,0
DA:46,0
DA:53,0
DA:54,0
DA:61,0
DA:65,0
DA:66,0
DA:68,0
DA:69,0
DA:75,0
DA:76,0
DA:82,0
LF:27
LH:4
BRDA:14,0,0,0
BRDA:14,0,1,0
BRDA:24,1,0,0
BRDA:24,1,1,0
BRDA:31,2,0,0
BRDA:31,2,1,0
BRDA:45,3,0,0
BRDA:45,3,1,0
BRDA:53,4,0,0
BRDA:53,4,1,0
BRDA:68,5,0,0
BRDA:68,5,1,0
BRDA:75,6,0,0
BRDA:75,6,1,0
BRF:14
BRH:0
end_of_record
